DEBUG:requests_oauthlib.oauth1_auth:Signing request <PreparedRequest [GET]> using client <Client timestamp=None, resource_owner_key=791840255079055360-mndubzxfVsdkBL7CFv1iCLHOHghe60A, signature_type=AUTH_HEADER, decoding=utf-8, signature_method=HMAC-SHA1, callback_uri=None, rsa_key=None, verifier=None, client_secret=****, nonce=None, client_key=KJ5qiyO5Yy0jXso7dFFs37sDq, encoding=utf-8, resource_owner_secret=****, realm=None>
DEBUG:requests_oauthlib.oauth1_auth:Including body in call to sign: False
DEBUG:oauthlib.oauth1.rfc5849:Collected params: [('since_id', '792210713766924288'), ('oauth_version', '1.0'), ('oauth_nonce', '60442460275109645221478295434'), ('oauth_signature_method', 'HMAC-SHA1'), ('oauth_consumer_key', 'KJ5qiyO5Yy0jXso7dFFs37sDq'), ('oauth_timestamp', '1478295434'), ('oauth_token', '791840255079055360-mndubzxfVsdkBL7CFv1iCLHOHghe60A')]
DEBUG:oauthlib.oauth1.rfc5849:Normalized params: oauth_consumer_key=KJ5qiyO5Yy0jXso7dFFs37sDq&oauth_nonce=60442460275109645221478295434&oauth_signature_method=HMAC-SHA1&oauth_timestamp=1478295434&oauth_token=791840255079055360-mndubzxfVsdkBL7CFv1iCLHOHghe60A&oauth_version=1.0&since_id=792210713766924288
DEBUG:oauthlib.oauth1.rfc5849:Normalized URI: https://api.twitter.com/1.1/statuses/mentions_timeline.json
DEBUG:oauthlib.oauth1.rfc5849:Base signing string: GET&https%3A%2F%2Fapi.twitter.com%2F1.1%2Fstatuses%2Fmentions_timeline.json&oauth_consumer_key%3DKJ5qiyO5Yy0jXso7dFFs37sDq%26oauth_nonce%3D60442460275109645221478295434%26oauth_signature_method%3DHMAC-SHA1%26oauth_timestamp%3D1478295434%26oauth_token%3D791840255079055360-mndubzxfVsdkBL7CFv1iCLHOHghe60A%26oauth_version%3D1.0%26since_id%3D792210713766924288
DEBUG:oauthlib.oauth1.rfc5849:Signature: 6iaqvgAqU0vZt9CNf5ivhHU1ECM=
DEBUG:oauthlib.oauth1.rfc5849:Encoding URI, headers and body to utf-8.
DEBUG:requests_oauthlib.oauth1_auth:Updated url: https://api.twitter.com/1.1/statuses/mentions_timeline.json?since_id=792210713766924288
DEBUG:requests_oauthlib.oauth1_auth:Updated headers: {b'Connection': b'keep-alive', b'Authorization': b'OAuth oauth_nonce="60442460275109645221478295434", oauth_timestamp="1478295434", oauth_version="1.0", oauth_signature_method="HMAC-SHA1", oauth_consumer_key="KJ5qiyO5Yy0jXso7dFFs37sDq", oauth_token="791840255079055360-mndubzxfVsdkBL7CFv1iCLHOHghe60A", oauth_signature="6iaqvgAqU0vZt9CNf5ivhHU1ECM%3D"', b'Accept': b'*/*', b'User-Agent': b'python-requests/2.11.1', b'Accept-Encoding': b'gzip, deflate'}
DEBUG:requests_oauthlib.oauth1_auth:Updated body: None
INFO:requests.packages.urllib3.connectionpool:Starting new HTTPS connection (1): api.twitter.com
DEBUG:requests.packages.urllib3.connectionpool:"GET /1.1/statuses/mentions_timeline.json?since_id=792210713766924288 HTTP/1.1" 200 7739
INFO:root:Obtained statuses: 794640451001257984,794638116862754816,794637985442648064,794636304038273024,794636183758217216,794636137276981248,794636101369532417,794634840104693760,794634052389208064,794634002443497472,794633754115448836,794633713518780416,794633704849215489,794633538238705664,794633359918006272,794633295594221568,794633218787983360,794633199020191744,794633056858599424,794632897705689089
INFO:root:Obtained 1 URLs
INFO:root:Obtained 1 URLs
INFO:root:Obtained 1 URLs
INFO:root:Obtained 1 URLs
INFO:root:Obtained 1 URLs
INFO:root:Obtained 1 URLs
INFO:root:Obtained 1 URLs
INFO:root:Obtained 1 URLs
INFO:root:Obtained 1 URLs
INFO:root:Obtained 1 URLs
INFO:root:Obtained 1 URLs
INFO:root:Obtained 1 URLs
INFO:root:Obtained 1 URLs
INFO:root:Obtained 1 URLs
INFO:root:Obtained 1 URLs
INFO:root:Obtained 1 URLs
INFO:root:Obtained 1 URLs
INFO:root:Obtained 1 URLs
INFO:root:Processing replies 794640451001257984 794638116862754816 794637985442648064 794636304038273024 794636183758217216 794636137276981248 794636101369532417 794634840104693760 794634052389208064 794634002443497472 794633754115448836 794633713518780416 794633704849215489 794633538238705664 794633295594221568 794633218787983360 794633199020191744 794633056858599424
INFO:root:Using image http://pbs.twimg.com/media/CwchRAIWEAA5sx7.jpg for reply 794640451001257984
INFO:googleapiclient.discovery:URL being requested: POST https://vision.googleapis.com/v1/images:annotate?alt=json
INFO:oauth2client.transport:Attempting refresh to obtain initial access_token
DEBUG:oauth2client.crypt:[b'eyJraWQiOiI0MWUyNDQ4NGZjN2ZmNDYyZjc4ZTNjM2QzNjkyNjAyZGEwNDIxODMxIiwiYWxnIjoiUlMyNTYiLCJ0eXAiOiJKV1QifQ', b'eyJpc3MiOiJ0d2VydHN3b3J0aC0xNDc5MDRAYXBwc3BvdC5nc2VydmljZWFjY291bnQuY29tIiwiZXhwIjoxNDc4Mjk5MDM1LCJhdWQiOiJodHRwczovL3d3dy5nb29nbGVhcGlzLmNvbS9vYXV0aDIvdjQvdG9rZW4iLCJpYXQiOjE0NzgyOTU0MzUsInNjb3BlIjoiaHR0cHM6Ly93d3cuZ29vZ2xlYXBpcy5jb20vYXV0aC9jbG91ZC1wbGF0Zm9ybSJ9', b'GizMpWrvVlPUDJOAKOh3EVGR_yJz-Ix3Bb-Tl_e3OY0zp5Kmv3VaSIzGIV55ZlOFC0kXGzU6DOqzxmYEVVZVsxzJbDsyCKBLEESa3EEXMzBw_Whqm2eR65IBGqn1s8-EGxxOSEJL-SrLaCcbYo9pQO2Mk3OUjx5LQkuW2VqF9TZvm9pXBra98hbkPKUwc2xvMlbcVZRx7aD6lDjbExXvJhUg27tYLKXOKOIRocPzuVbGz-_FpV4eU4iV9h8Lpkj3WIQXNc_2Oc1DKuDgvPRcXa0q3xAeXQ4j9RhOa5X-RS42hHQA2kBvYAIpbY7jShUhzG30yjM_45el7VyNIG410A']
INFO:oauth2client.client:Refreshing access_token
INFO:root:Using labels body of water,harbor
INFO:root:Trying body of water
INFO:root:Found 0 model key pairs
INFO:root:Trying harbor
INFO:root:Found 7 model key pairs
INFO:root:Trying the pair harbor buoy,
INFO:root:Text model responded: harbor buoy, The lights began to knock, And my heart is breaking!
INFO:root:Text model responded: harbor buoy, The lights begin to gleam, No wave the land-locked water stirred, The shepherds in their holiday dresses the blithe and flowering mead That forthwith I may break into an emblematic figure at christenings, weddings, and funerals.
INFO:root:Text model responded: harbor buoy, The lights began to murmur, And a like longing to be given By your pure purple mantles known Like the dew are-- Soon were lost or scattered friends, Old Harvard's scholar-factories red, Where song and flutter, Then droop to a level with the blast That sighs about the boughs; and wild white rose, Smell the fair west-wind belly the homeward trail, By dusking fields and forests; In the still bayou.
INFO:root:Text model responded: harbor buoy, The lights out, and seized his beechen spear Last came Joy's ecstatic trial He with eyes the lovers.
INFO:root:Satisfied conditions in 3 attempts
DEBUG:requests_oauthlib.oauth1_auth:Signing request <PreparedRequest [POST]> using client <Client timestamp=None, resource_owner_key=791840255079055360-mndubzxfVsdkBL7CFv1iCLHOHghe60A, signature_type=AUTH_HEADER, decoding=utf-8, signature_method=HMAC-SHA1, callback_uri=None, rsa_key=None, verifier=None, client_secret=****, nonce=None, client_key=KJ5qiyO5Yy0jXso7dFFs37sDq, encoding=utf-8, resource_owner_secret=****, realm=None>
DEBUG:requests_oauthlib.oauth1_auth:Including body in call to sign: True
DEBUG:oauthlib.oauth1.rfc5849:Collected params: [('oauth_version', '1.0'), ('oauth_nonce', '1513914607410210571478295437'), ('oauth_signature_method', 'HMAC-SHA1'), ('oauth_consumer_key', 'KJ5qiyO5Yy0jXso7dFFs37sDq'), ('oauth_timestamp', '1478295437'), ('oauth_token', '791840255079055360-mndubzxfVsdkBL7CFv1iCLHOHghe60A'), ('in_reply_to_status_id', '794640451001257984'), ('status', "@em_dash01\rharbor buoy, The lights out, and seized his beechen spear Last came Joy's ecstatic trial He with eyes the lovers.")]
DEBUG:oauthlib.oauth1.rfc5849:Normalized params: in_reply_to_status_id=794640451001257984&oauth_consumer_key=KJ5qiyO5Yy0jXso7dFFs37sDq&oauth_nonce=1513914607410210571478295437&oauth_signature_method=HMAC-SHA1&oauth_timestamp=1478295437&oauth_token=791840255079055360-mndubzxfVsdkBL7CFv1iCLHOHghe60A&oauth_version=1.0&status=%40em_dash01%0Dharbor%20buoy%2C%20The%20lights%20out%2C%20and%20seized%20his%20beechen%20spear%20Last%20came%20Joy%27s%20ecstatic%20trial%20He%20with%20eyes%20the%20lovers.
DEBUG:oauthlib.oauth1.rfc5849:Normalized URI: https://api.twitter.com/1.1/statuses/update.json
DEBUG:oauthlib.oauth1.rfc5849:Base signing string: POST&https%3A%2F%2Fapi.twitter.com%2F1.1%2Fstatuses%2Fupdate.json&in_reply_to_status_id%3D794640451001257984%26oauth_consumer_key%3DKJ5qiyO5Yy0jXso7dFFs37sDq%26oauth_nonce%3D1513914607410210571478295437%26oauth_signature_method%3DHMAC-SHA1%26oauth_timestamp%3D1478295437%26oauth_token%3D791840255079055360-mndubzxfVsdkBL7CFv1iCLHOHghe60A%26oauth_version%3D1.0%26status%3D%2540em_dash01%250Dharbor%2520buoy%252C%2520The%2520lights%2520out%252C%2520and%2520seized%2520his%2520beechen%2520spear%2520Last%2520came%2520Joy%2527s%2520ecstatic%2520trial%2520He%2520with%2520eyes%2520the%2520lovers.
DEBUG:oauthlib.oauth1.rfc5849:Signature: i9ImT54U/5IOECgI++TRSoQnCfQ=
DEBUG:oauthlib.oauth1.rfc5849:Encoding URI, headers and body to utf-8.
DEBUG:requests_oauthlib.oauth1_auth:Updated url: https://api.twitter.com/1.1/statuses/update.json
DEBUG:requests_oauthlib.oauth1_auth:Updated headers: {b'Connection': b'keep-alive', b'Accept': b'*/*', b'Content-Length': b'182', b'User-Agent': b'python-requests/2.11.1', b'Authorization': b'OAuth oauth_nonce="1513914607410210571478295437", oauth_timestamp="1478295437", oauth_version="1.0", oauth_signature_method="HMAC-SHA1", oauth_consumer_key="KJ5qiyO5Yy0jXso7dFFs37sDq", oauth_token="791840255079055360-mndubzxfVsdkBL7CFv1iCLHOHghe60A", oauth_signature="i9ImT54U%2F5IOECgI%2B%2BTRSoQnCfQ%3D"', b'Content-Type': b'application/x-www-form-urlencoded', b'Accept-Encoding': b'gzip, deflate'}
DEBUG:requests_oauthlib.oauth1_auth:Updated body: b'in_reply_to_status_id=794640451001257984&status=%40em_dash01%0Dharbor+buoy%2C+The+lights+out%2C+and+seized+his+beechen+spear+Last+came+Joy%27s+ecstatic+trial+He+with+eyes+the+lovers.'
INFO:requests.packages.urllib3.connectionpool:Starting new HTTPS connection (1): api.twitter.com
DEBUG:requests.packages.urllib3.connectionpool:"POST /1.1/statuses/update.json HTTP/1.1" 200 890
INFO:root:Using image http://pbs.twimg.com/media/CwcfJTdXEAAkvJD.jpg for reply 794638116862754816
INFO:googleapiclient.discovery:URL being requested: POST https://vision.googleapis.com/v1/images:annotate?alt=json
INFO:root:Using labels image,cat
INFO:root:Trying image
INFO:root:Found 31 model key pairs
INFO:root:Trying the pair image thee
INFO:root:Text model responded: image thee on their branches against it, but what of theirs.
INFO:root:Text model responded: image thee on which he sent me.
INFO:root:Text model responded: image thee on thy face; Thou hast finished joy and wonder, and a dream, -- Ay, now, when the sea Rose in profundity and sank into the city.
INFO:root:Text model responded: image thee on thy nest upon the noonday gleam, And their radiance round me flit, And their own faces like a flabby orange whose crushed skin Is thin with too cheap a rate, For in that sunny beam, and drifted up Ethereal bloom to flush the clouds at eventide.
INFO:root:Text model responded: image thee on their eyes-- One touch--and what a glorious birth; But yet He hearkened when she was sent, Down the bright and quiet, And yet the rule we knew him very dear.
INFO:root:Text model responded: image thee on their errands glide, With feet that ran, but where, he omits altogether.
INFO:root:Satisfied conditions in 5 attempts
DEBUG:requests_oauthlib.oauth1_auth:Signing request <PreparedRequest [POST]> using client <Client timestamp=None, resource_owner_key=791840255079055360-mndubzxfVsdkBL7CFv1iCLHOHghe60A, signature_type=AUTH_HEADER, decoding=utf-8, signature_method=HMAC-SHA1, callback_uri=None, rsa_key=None, verifier=None, client_secret=****, nonce=None, client_key=KJ5qiyO5Yy0jXso7dFFs37sDq, encoding=utf-8, resource_owner_secret=****, realm=None>
DEBUG:requests_oauthlib.oauth1_auth:Including body in call to sign: True
DEBUG:oauthlib.oauth1.rfc5849:Collected params: [('oauth_version', '1.0'), ('oauth_nonce', '178117681754638502501478295438'), ('oauth_signature_method', 'HMAC-SHA1'), ('oauth_consumer_key', 'KJ5qiyO5Yy0jXso7dFFs37sDq'), ('oauth_timestamp', '1478295438'), ('oauth_token', '791840255079055360-mndubzxfVsdkBL7CFv1iCLHOHghe60A'), ('in_reply_to_status_id', '794638116862754816'), ('status', '@kylesturgeon\rimage thee on their errands glide, With feet that ran, but where, he omits altogether.')]
DEBUG:oauthlib.oauth1.rfc5849:Normalized params: in_reply_to_status_id=794638116862754816&oauth_consumer_key=KJ5qiyO5Yy0jXso7dFFs37sDq&oauth_nonce=178117681754638502501478295438&oauth_signature_method=HMAC-SHA1&oauth_timestamp=1478295438&oauth_token=791840255079055360-mndubzxfVsdkBL7CFv1iCLHOHghe60A&oauth_version=1.0&status=%40kylesturgeon%0Dimage%20thee%20on%20their%20errands%20glide%2C%20With%20feet%20that%20ran%2C%20but%20where%2C%20he%20omits%20altogether.
DEBUG:oauthlib.oauth1.rfc5849:Normalized URI: https://api.twitter.com/1.1/statuses/update.json
DEBUG:oauthlib.oauth1.rfc5849:Base signing string: POST&https%3A%2F%2Fapi.twitter.com%2F1.1%2Fstatuses%2Fupdate.json&in_reply_to_status_id%3D794638116862754816%26oauth_consumer_key%3DKJ5qiyO5Yy0jXso7dFFs37sDq%26oauth_nonce%3D178117681754638502501478295438%26oauth_signature_method%3DHMAC-SHA1%26oauth_timestamp%3D1478295438%26oauth_token%3D791840255079055360-mndubzxfVsdkBL7CFv1iCLHOHghe60A%26oauth_version%3D1.0%26status%3D%2540kylesturgeon%250Dimage%2520thee%2520on%2520their%2520errands%2520glide%252C%2520With%2520feet%2520that%2520ran%252C%2520but%2520where%252C%2520he%2520omits%2520altogether.
DEBUG:oauthlib.oauth1.rfc5849:Signature: EH8b+zBDfc5f2B09Tfl2kHEyjR8=
DEBUG:oauthlib.oauth1.rfc5849:Encoding URI, headers and body to utf-8.
DEBUG:requests_oauthlib.oauth1_auth:Updated url: https://api.twitter.com/1.1/statuses/update.json
DEBUG:requests_oauthlib.oauth1_auth:Updated headers: {b'Connection': b'keep-alive', b'Accept': b'*/*', b'Content-Length': b'158', b'User-Agent': b'python-requests/2.11.1', b'Authorization': b'OAuth oauth_nonce="178117681754638502501478295438", oauth_timestamp="1478295438", oauth_version="1.0", oauth_signature_method="HMAC-SHA1", oauth_consumer_key="KJ5qiyO5Yy0jXso7dFFs37sDq", oauth_token="791840255079055360-mndubzxfVsdkBL7CFv1iCLHOHghe60A", oauth_signature="EH8b%2BzBDfc5f2B09Tfl2kHEyjR8%3D"', b'Content-Type': b'application/x-www-form-urlencoded', b'Accept-Encoding': b'gzip, deflate'}
DEBUG:requests_oauthlib.oauth1_auth:Updated body: b'in_reply_to_status_id=794638116862754816&status=%40kylesturgeon%0Dimage+thee+on+their+errands+glide%2C+With+feet+that+ran%2C+but+where%2C+he+omits+altogether.'
INFO:requests.packages.urllib3.connectionpool:Starting new HTTPS connection (1): api.twitter.com
DEBUG:requests.packages.urllib3.connectionpool:"POST /1.1/statuses/update.json HTTP/1.1" 200 868
INFO:root:Using image http://pbs.twimg.com/media/CwcfCCmWEAAFtf8.jpg for reply 794637985442648064
INFO:googleapiclient.discovery:URL being requested: POST https://vision.googleapis.com/v1/images:annotate?alt=json
INFO:root:Using labels person,man
INFO:root:Trying person
INFO:root:Found 13 model key pairs
INFO:root:Trying the pair person knelt
INFO:root:Text model responded: person knelt between him and swear that you knew I could break you I know not winter, only spring, a being Trod the flowery April blithely for a space of herbage, where the salt sea: She will stand where Wellington hath stood.
INFO:root:Text model responded: person knelt between him and swear that you want it then; Fool!
INFO:root:Text model responded: person knelt between him and delight, The manifold, soft chimes, That fill the Time with the evil one; I mourn and yet it is to love things that seem; Die to the lady, beautiful as a strong man; I have no friends but those who sit in his ways, I float above ye all into the ancient meeting house.
INFO:root:Text model responded: person knelt between him and turn the hour-glass droops the sand.
INFO:root:Text model responded: person knelt between him and without either thought or remembrance, hardly awake, and waits for the promise be only seeming, let it lie; Since I crossed that portal wide, And mounds that tell of ampler ease to eschew, Struggle with life and with fury, struggling with these kickshaws cooked up by fiendish Greed.
INFO:root:Text model responded: person knelt between him and her, The narrow-streeted city.
INFO:root:Text model responded: person knelt between him and his grief,--too vast For that day I die.
INFO:root:Text model responded: person knelt between him and the Mort d'Arthure, Mingled together in endless night Behold where Dryden's less presumptuous car Wide o'er the weltering serpents, With the silent crags of green Into a dim, enchanted calling, Blameless to live and die away, in pain.
INFO:root:Text model responded: person knelt between him and his song, And called their bids across the setting sun, Seem'd to him in rosy wine, And the cord Able to bind The forest foliage, tinted red, Grows ghastlier in the lift, sing, O bonny bride!
INFO:root:Text model responded: person knelt between him and the broad earth, and make Confession; Lost innocence returns no more; For day is dark despair.
INFO:root:Satisfied conditions in 9 attempts
DEBUG:requests_oauthlib.oauth1_auth:Signing request <PreparedRequest [POST]> using client <Client timestamp=None, resource_owner_key=791840255079055360-mndubzxfVsdkBL7CFv1iCLHOHghe60A, signature_type=AUTH_HEADER, decoding=utf-8, signature_method=HMAC-SHA1, callback_uri=None, rsa_key=None, verifier=None, client_secret=****, nonce=None, client_key=KJ5qiyO5Yy0jXso7dFFs37sDq, encoding=utf-8, resource_owner_secret=****, realm=None>
DEBUG:requests_oauthlib.oauth1_auth:Including body in call to sign: True
DEBUG:oauthlib.oauth1.rfc5849:Collected params: [('oauth_version', '1.0'), ('oauth_nonce', '130114202831916297541478295440'), ('oauth_signature_method', 'HMAC-SHA1'), ('oauth_consumer_key', 'KJ5qiyO5Yy0jXso7dFFs37sDq'), ('oauth_timestamp', '1478295440'), ('oauth_token', '791840255079055360-mndubzxfVsdkBL7CFv1iCLHOHghe60A'), ('in_reply_to_status_id', '794637985442648064'), ('status', '@OhWowHmm\rperson knelt between him and the broad earth, and make Confession; Lost innocence returns no more; For day is dark despair.')]
DEBUG:oauthlib.oauth1.rfc5849:Normalized params: in_reply_to_status_id=794637985442648064&oauth_consumer_key=KJ5qiyO5Yy0jXso7dFFs37sDq&oauth_nonce=130114202831916297541478295440&oauth_signature_method=HMAC-SHA1&oauth_timestamp=1478295440&oauth_token=791840255079055360-mndubzxfVsdkBL7CFv1iCLHOHghe60A&oauth_version=1.0&status=%40OhWowHmm%0Dperson%20knelt%20between%20him%20and%20the%20broad%20earth%2C%20and%20make%20Confession%3B%20Lost%20innocence%20returns%20no%20more%3B%20For%20day%20is%20dark%20despair.
DEBUG:oauthlib.oauth1.rfc5849:Normalized URI: https://api.twitter.com/1.1/statuses/update.json
DEBUG:oauthlib.oauth1.rfc5849:Base signing string: POST&https%3A%2F%2Fapi.twitter.com%2F1.1%2Fstatuses%2Fupdate.json&in_reply_to_status_id%3D794637985442648064%26oauth_consumer_key%3DKJ5qiyO5Yy0jXso7dFFs37sDq%26oauth_nonce%3D130114202831916297541478295440%26oauth_signature_method%3DHMAC-SHA1%26oauth_timestamp%3D1478295440%26oauth_token%3D791840255079055360-mndubzxfVsdkBL7CFv1iCLHOHghe60A%26oauth_version%3D1.0%26status%3D%2540OhWowHmm%250Dperson%2520knelt%2520between%2520him%2520and%2520the%2520broad%2520earth%252C%2520and%2520make%2520Confession%253B%2520Lost%2520innocence%2520returns%2520no%2520more%253B%2520For%2520day%2520is%2520dark%2520despair.
DEBUG:oauthlib.oauth1.rfc5849:Signature: IJvJxeRnu8JUqbU3VAwjUyNtMDo=
DEBUG:oauthlib.oauth1.rfc5849:Encoding URI, headers and body to utf-8.
DEBUG:requests_oauthlib.oauth1_auth:Updated url: https://api.twitter.com/1.1/statuses/update.json
DEBUG:requests_oauthlib.oauth1_auth:Updated headers: {b'Connection': b'keep-alive', b'Accept': b'*/*', b'Content-Length': b'191', b'User-Agent': b'python-requests/2.11.1', b'Authorization': b'OAuth oauth_nonce="130114202831916297541478295440", oauth_timestamp="1478295440", oauth_version="1.0", oauth_signature_method="HMAC-SHA1", oauth_consumer_key="KJ5qiyO5Yy0jXso7dFFs37sDq", oauth_token="791840255079055360-mndubzxfVsdkBL7CFv1iCLHOHghe60A", oauth_signature="IJvJxeRnu8JUqbU3VAwjUyNtMDo%3D"', b'Content-Type': b'application/x-www-form-urlencoded', b'Accept-Encoding': b'gzip, deflate'}
DEBUG:requests_oauthlib.oauth1_auth:Updated body: b'in_reply_to_status_id=794637985442648064&status=%40OhWowHmm%0Dperson+knelt+between+him+and+the+broad+earth%2C+and+make+Confession%3B+Lost+innocence+returns+no+more%3B+For+day+is+dark+despair.'
INFO:requests.packages.urllib3.connectionpool:Starting new HTTPS connection (1): api.twitter.com
DEBUG:requests.packages.urllib3.connectionpool:"POST /1.1/statuses/update.json HTTP/1.1" 200 904
INFO:root:Using image http://pbs.twimg.com/media/Cwcdf6pVQAIPxgI.jpg for reply 794636304038273024
INFO:googleapiclient.discovery:URL being requested: POST https://vision.googleapis.com/v1/images:annotate?alt=json
INFO:root:Using labels face,cartoon
INFO:root:Trying face
INFO:root:Found 191 model key pairs
INFO:root:Trying the pair face Flowers
INFO:root:Text model responded: face Flowers laugh before thee Where thy poor father, they are our brows bound with a gentle hand Thither, oh, thither, Into the light; But after the storm, the long past, Dwelt the singer that knew of another night Pours on us, We turn through a boundless range Of intermingling hues With budding fading faded flowers She casts into the night.
INFO:root:Text model responded: face Flowers laugh before thee on which are The fate of war, and not come?
INFO:root:Satisfied conditions in 1 attempts
DEBUG:requests_oauthlib.oauth1_auth:Signing request <PreparedRequest [POST]> using client <Client timestamp=None, resource_owner_key=791840255079055360-mndubzxfVsdkBL7CFv1iCLHOHghe60A, signature_type=AUTH_HEADER, decoding=utf-8, signature_method=HMAC-SHA1, callback_uri=None, rsa_key=None, verifier=None, client_secret=****, nonce=None, client_key=KJ5qiyO5Yy0jXso7dFFs37sDq, encoding=utf-8, resource_owner_secret=****, realm=None>
DEBUG:requests_oauthlib.oauth1_auth:Including body in call to sign: True
DEBUG:oauthlib.oauth1.rfc5849:Collected params: [('oauth_version', '1.0'), ('oauth_nonce', '40102325184403428541478295442'), ('oauth_signature_method', 'HMAC-SHA1'), ('oauth_consumer_key', 'KJ5qiyO5Yy0jXso7dFFs37sDq'), ('oauth_timestamp', '1478295442'), ('oauth_token', '791840255079055360-mndubzxfVsdkBL7CFv1iCLHOHghe60A'), ('in_reply_to_status_id', '794636304038273024'), ('status', '@ActualLiam\rface Flowers laugh before thee on which are The fate of war, and not come?')]
DEBUG:oauthlib.oauth1.rfc5849:Normalized params: in_reply_to_status_id=794636304038273024&oauth_consumer_key=KJ5qiyO5Yy0jXso7dFFs37sDq&oauth_nonce=40102325184403428541478295442&oauth_signature_method=HMAC-SHA1&oauth_timestamp=1478295442&oauth_token=791840255079055360-mndubzxfVsdkBL7CFv1iCLHOHghe60A&oauth_version=1.0&status=%40ActualLiam%0Dface%20Flowers%20laugh%20before%20thee%20on%20which%20are%20The%20fate%20of%20war%2C%20and%20not%20come%3F
DEBUG:oauthlib.oauth1.rfc5849:Normalized URI: https://api.twitter.com/1.1/statuses/update.json
DEBUG:oauthlib.oauth1.rfc5849:Base signing string: POST&https%3A%2F%2Fapi.twitter.com%2F1.1%2Fstatuses%2Fupdate.json&in_reply_to_status_id%3D794636304038273024%26oauth_consumer_key%3DKJ5qiyO5Yy0jXso7dFFs37sDq%26oauth_nonce%3D40102325184403428541478295442%26oauth_signature_method%3DHMAC-SHA1%26oauth_timestamp%3D1478295442%26oauth_token%3D791840255079055360-mndubzxfVsdkBL7CFv1iCLHOHghe60A%26oauth_version%3D1.0%26status%3D%2540ActualLiam%250Dface%2520Flowers%2520laugh%2520before%2520thee%2520on%2520which%2520are%2520The%2520fate%2520of%2520war%252C%2520and%2520not%2520come%253F
DEBUG:oauthlib.oauth1.rfc5849:Signature: HooSnWwt2Z22PRbZ3DkIuc2ZYSw=
DEBUG:oauthlib.oauth1.rfc5849:Encoding URI, headers and body to utf-8.
DEBUG:requests_oauthlib.oauth1_auth:Updated url: https://api.twitter.com/1.1/statuses/update.json
DEBUG:requests_oauthlib.oauth1_auth:Updated headers: {b'Connection': b'keep-alive', b'Accept': b'*/*', b'Content-Length': b'142', b'User-Agent': b'python-requests/2.11.1', b'Authorization': b'OAuth oauth_nonce="40102325184403428541478295442", oauth_timestamp="1478295442", oauth_version="1.0", oauth_signature_method="HMAC-SHA1", oauth_consumer_key="KJ5qiyO5Yy0jXso7dFFs37sDq", oauth_token="791840255079055360-mndubzxfVsdkBL7CFv1iCLHOHghe60A", oauth_signature="HooSnWwt2Z22PRbZ3DkIuc2ZYSw%3D"', b'Content-Type': b'application/x-www-form-urlencoded', b'Accept-Encoding': b'gzip, deflate'}
DEBUG:requests_oauthlib.oauth1_auth:Updated body: b'in_reply_to_status_id=794636304038273024&status=%40ActualLiam%0Dface+Flowers+laugh+before+thee+on+which+are+The+fate+of+war%2C+and+not+come%3F'
INFO:requests.packages.urllib3.connectionpool:Starting new HTTPS connection (1): api.twitter.com
DEBUG:requests.packages.urllib3.connectionpool:"POST /1.1/statuses/update.json HTTP/1.1" 200 862
INFO:root:Using image http://pbs.twimg.com/media/CwcdX9uVQAENy4Z.jpg for reply 794636183758217216
INFO:googleapiclient.discovery:URL being requested: POST https://vision.googleapis.com/v1/images:annotate?alt=json
INFO:root:Using labels cartoon,font
INFO:root:Trying cartoon
INFO:root:Found 0 model key pairs
INFO:root:Trying font
INFO:root:Found 1 model key pairs
INFO:root:Trying the pair font he
INFO:root:Text model responded: font he meets once more the flocks no more be made ridiculous than an echo might wake And muse upon her way Along the garden walls, where blow Apple-blossoms pink, and orange, and scarlet; The garden border where I go, Where Jane's light footsteps go, Where Jane's light footsteps go, Where Jane's light footsteps go.
INFO:root:Text model responded: font he meets The grave is better than a man's heart throbbed.
INFO:root:Text model responded: font he meets once more put on To all that load this magic air with odors on the lonely sea?
INFO:root:Satisfied conditions in 2 attempts
DEBUG:requests_oauthlib.oauth1_auth:Signing request <PreparedRequest [POST]> using client <Client timestamp=None, resource_owner_key=791840255079055360-mndubzxfVsdkBL7CFv1iCLHOHghe60A, signature_type=AUTH_HEADER, decoding=utf-8, signature_method=HMAC-SHA1, callback_uri=None, rsa_key=None, verifier=None, client_secret=****, nonce=None, client_key=KJ5qiyO5Yy0jXso7dFFs37sDq, encoding=utf-8, resource_owner_secret=****, realm=None>
DEBUG:requests_oauthlib.oauth1_auth:Including body in call to sign: True
DEBUG:oauthlib.oauth1.rfc5849:Collected params: [('oauth_version', '1.0'), ('oauth_nonce', '171907102591369802821478295444'), ('oauth_signature_method', 'HMAC-SHA1'), ('oauth_consumer_key', 'KJ5qiyO5Yy0jXso7dFFs37sDq'), ('oauth_timestamp', '1478295444'), ('oauth_token', '791840255079055360-mndubzxfVsdkBL7CFv1iCLHOHghe60A'), ('in_reply_to_status_id', '794636183758217216'), ('status', '@ActualLiam\rfont he meets once more put on To all that load this magic air with odors on the lonely sea?')]
DEBUG:oauthlib.oauth1.rfc5849:Normalized params: in_reply_to_status_id=794636183758217216&oauth_consumer_key=KJ5qiyO5Yy0jXso7dFFs37sDq&oauth_nonce=171907102591369802821478295444&oauth_signature_method=HMAC-SHA1&oauth_timestamp=1478295444&oauth_token=791840255079055360-mndubzxfVsdkBL7CFv1iCLHOHghe60A&oauth_version=1.0&status=%40ActualLiam%0Dfont%20he%20meets%20once%20more%20put%20on%20To%20all%20that%20load%20this%20magic%20air%20with%20odors%20on%20the%20lonely%20sea%3F
DEBUG:oauthlib.oauth1.rfc5849:Normalized URI: https://api.twitter.com/1.1/statuses/update.json
DEBUG:oauthlib.oauth1.rfc5849:Base signing string: POST&https%3A%2F%2Fapi.twitter.com%2F1.1%2Fstatuses%2Fupdate.json&in_reply_to_status_id%3D794636183758217216%26oauth_consumer_key%3DKJ5qiyO5Yy0jXso7dFFs37sDq%26oauth_nonce%3D171907102591369802821478295444%26oauth_signature_method%3DHMAC-SHA1%26oauth_timestamp%3D1478295444%26oauth_token%3D791840255079055360-mndubzxfVsdkBL7CFv1iCLHOHghe60A%26oauth_version%3D1.0%26status%3D%2540ActualLiam%250Dfont%2520he%2520meets%2520once%2520more%2520put%2520on%2520To%2520all%2520that%2520load%2520this%2520magic%2520air%2520with%2520odors%2520on%2520the%2520lonely%2520sea%253F
DEBUG:oauthlib.oauth1.rfc5849:Signature: d2TToQxgGgg3TXLxBKkTkRwhsb4=
DEBUG:oauthlib.oauth1.rfc5849:Encoding URI, headers and body to utf-8.
DEBUG:requests_oauthlib.oauth1_auth:Updated url: https://api.twitter.com/1.1/statuses/update.json
DEBUG:requests_oauthlib.oauth1_auth:Updated headers: {b'Connection': b'keep-alive', b'Accept': b'*/*', b'Content-Length': b'158', b'User-Agent': b'python-requests/2.11.1', b'Authorization': b'OAuth oauth_nonce="171907102591369802821478295444", oauth_timestamp="1478295444", oauth_version="1.0", oauth_signature_method="HMAC-SHA1", oauth_consumer_key="KJ5qiyO5Yy0jXso7dFFs37sDq", oauth_token="791840255079055360-mndubzxfVsdkBL7CFv1iCLHOHghe60A", oauth_signature="d2TToQxgGgg3TXLxBKkTkRwhsb4%3D"', b'Content-Type': b'application/x-www-form-urlencoded', b'Accept-Encoding': b'gzip, deflate'}
DEBUG:requests_oauthlib.oauth1_auth:Updated body: b'in_reply_to_status_id=794636183758217216&status=%40ActualLiam%0Dfont+he+meets+once+more+put+on+To+all+that+load+this+magic+air+with+odors+on+the+lonely+sea%3F'
INFO:requests.packages.urllib3.connectionpool:Starting new HTTPS connection (1): api.twitter.com
DEBUG:requests.packages.urllib3.connectionpool:"POST /1.1/statuses/update.json HTTP/1.1" 200 871
INFO:root:Using image http://pbs.twimg.com/media/CwcdWPcUUAAzYLh.jpg for reply 794636137276981248
INFO:googleapiclient.discovery:URL being requested: POST https://vision.googleapis.com/v1/images:annotate?alt=json
INFO:root:Using labels santa claus,clothing
INFO:root:Trying santa claus
INFO:root:Found 0 model key pairs
INFO:root:Trying clothing
INFO:root:Found 7 model key pairs
INFO:root:Trying the pair clothing of
INFO:root:Text model responded: clothing of war, the social nothings We bore ourselves so to be flush, grew low-spirited toward the soul.
INFO:root:Satisfied conditions in 0 attempts
DEBUG:requests_oauthlib.oauth1_auth:Signing request <PreparedRequest [POST]> using client <Client timestamp=None, resource_owner_key=791840255079055360-mndubzxfVsdkBL7CFv1iCLHOHghe60A, signature_type=AUTH_HEADER, decoding=utf-8, signature_method=HMAC-SHA1, callback_uri=None, rsa_key=None, verifier=None, client_secret=****, nonce=None, client_key=KJ5qiyO5Yy0jXso7dFFs37sDq, encoding=utf-8, resource_owner_secret=****, realm=None>
DEBUG:requests_oauthlib.oauth1_auth:Including body in call to sign: True
DEBUG:oauthlib.oauth1.rfc5849:Collected params: [('oauth_version', '1.0'), ('oauth_nonce', '173221661267225216671478295445'), ('oauth_signature_method', 'HMAC-SHA1'), ('oauth_consumer_key', 'KJ5qiyO5Yy0jXso7dFFs37sDq'), ('oauth_timestamp', '1478295445'), ('oauth_token', '791840255079055360-mndubzxfVsdkBL7CFv1iCLHOHghe60A'), ('in_reply_to_status_id', '794636137276981248'), ('status', '@ActualLiam\rclothing of war, the social nothings We bore ourselves so to be flush, grew low-spirited toward the soul.')]
DEBUG:oauthlib.oauth1.rfc5849:Normalized params: in_reply_to_status_id=794636137276981248&oauth_consumer_key=KJ5qiyO5Yy0jXso7dFFs37sDq&oauth_nonce=173221661267225216671478295445&oauth_signature_method=HMAC-SHA1&oauth_timestamp=1478295445&oauth_token=791840255079055360-mndubzxfVsdkBL7CFv1iCLHOHghe60A&oauth_version=1.0&status=%40ActualLiam%0Dclothing%20of%20war%2C%20the%20social%20nothings%20We%20bore%20ourselves%20so%20to%20be%20flush%2C%20grew%20low-spirited%20toward%20the%20soul.
DEBUG:oauthlib.oauth1.rfc5849:Normalized URI: https://api.twitter.com/1.1/statuses/update.json
DEBUG:oauthlib.oauth1.rfc5849:Base signing string: POST&https%3A%2F%2Fapi.twitter.com%2F1.1%2Fstatuses%2Fupdate.json&in_reply_to_status_id%3D794636137276981248%26oauth_consumer_key%3DKJ5qiyO5Yy0jXso7dFFs37sDq%26oauth_nonce%3D173221661267225216671478295445%26oauth_signature_method%3DHMAC-SHA1%26oauth_timestamp%3D1478295445%26oauth_token%3D791840255079055360-mndubzxfVsdkBL7CFv1iCLHOHghe60A%26oauth_version%3D1.0%26status%3D%2540ActualLiam%250Dclothing%2520of%2520war%252C%2520the%2520social%2520nothings%2520We%2520bore%2520ourselves%2520so%2520to%2520be%2520flush%252C%2520grew%2520low-spirited%2520toward%2520the%2520soul.
DEBUG:oauthlib.oauth1.rfc5849:Signature: ZwZot+czr+sxJs73RGSYkYA2AY8=
DEBUG:oauthlib.oauth1.rfc5849:Encoding URI, headers and body to utf-8.
DEBUG:requests_oauthlib.oauth1_auth:Updated url: https://api.twitter.com/1.1/statuses/update.json
DEBUG:requests_oauthlib.oauth1_auth:Updated headers: {b'Connection': b'keep-alive', b'Accept': b'*/*', b'Content-Length': b'173', b'User-Agent': b'python-requests/2.11.1', b'Authorization': b'OAuth oauth_nonce="173221661267225216671478295445", oauth_timestamp="1478295445", oauth_version="1.0", oauth_signature_method="HMAC-SHA1", oauth_consumer_key="KJ5qiyO5Yy0jXso7dFFs37sDq", oauth_token="791840255079055360-mndubzxfVsdkBL7CFv1iCLHOHghe60A", oauth_signature="ZwZot%2Bczr%2BsxJs73RGSYkYA2AY8%3D"', b'Content-Type': b'application/x-www-form-urlencoded', b'Accept-Encoding': b'gzip, deflate'}
DEBUG:requests_oauthlib.oauth1_auth:Updated body: b'in_reply_to_status_id=794636137276981248&status=%40ActualLiam%0Dclothing+of+war%2C+the+social+nothings+We+bore+ourselves+so+to+be+flush%2C+grew+low-spirited+toward+the+soul.'
INFO:requests.packages.urllib3.connectionpool:Starting new HTTPS connection (1): api.twitter.com
DEBUG:requests.packages.urllib3.connectionpool:"POST /1.1/statuses/update.json HTTP/1.1" 200 879
INFO:root:Using image http://pbs.twimg.com/media/CwcdUKTVQAAZtGk.png for reply 794636101369532417
INFO:googleapiclient.discovery:URL being requested: POST https://vision.googleapis.com/v1/images:annotate?alt=json
INFO:root:Using labels food,dessert
INFO:root:Trying food
INFO:root:Found 26 model key pairs
INFO:root:Trying the pair food to
INFO:root:Text model responded: food to maintain him.
INFO:root:Text model responded: food to live in idleness; but go with me the power of prophecy than Ill?
INFO:root:Satisfied conditions in 1 attempts
DEBUG:requests_oauthlib.oauth1_auth:Signing request <PreparedRequest [POST]> using client <Client timestamp=None, resource_owner_key=791840255079055360-mndubzxfVsdkBL7CFv1iCLHOHghe60A, signature_type=AUTH_HEADER, decoding=utf-8, signature_method=HMAC-SHA1, callback_uri=None, rsa_key=None, verifier=None, client_secret=****, nonce=None, client_key=KJ5qiyO5Yy0jXso7dFFs37sDq, encoding=utf-8, resource_owner_secret=****, realm=None>
DEBUG:requests_oauthlib.oauth1_auth:Including body in call to sign: True
DEBUG:oauthlib.oauth1.rfc5849:Collected params: [('oauth_version', '1.0'), ('oauth_nonce', '145422709293087467281478295447'), ('oauth_signature_method', 'HMAC-SHA1'), ('oauth_consumer_key', 'KJ5qiyO5Yy0jXso7dFFs37sDq'), ('oauth_timestamp', '1478295447'), ('oauth_token', '791840255079055360-mndubzxfVsdkBL7CFv1iCLHOHghe60A'), ('in_reply_to_status_id', '794636101369532417'), ('status', '@ActualLiam\rfood to live in idleness; but go with me the power of prophecy than Ill?')]
DEBUG:oauthlib.oauth1.rfc5849:Normalized params: in_reply_to_status_id=794636101369532417&oauth_consumer_key=KJ5qiyO5Yy0jXso7dFFs37sDq&oauth_nonce=145422709293087467281478295447&oauth_signature_method=HMAC-SHA1&oauth_timestamp=1478295447&oauth_token=791840255079055360-mndubzxfVsdkBL7CFv1iCLHOHghe60A&oauth_version=1.0&status=%40ActualLiam%0Dfood%20to%20live%20in%20idleness%3B%20but%20go%20with%20me%20the%20power%20of%20prophecy%20than%20Ill%3F
DEBUG:oauthlib.oauth1.rfc5849:Normalized URI: https://api.twitter.com/1.1/statuses/update.json
DEBUG:oauthlib.oauth1.rfc5849:Base signing string: POST&https%3A%2F%2Fapi.twitter.com%2F1.1%2Fstatuses%2Fupdate.json&in_reply_to_status_id%3D794636101369532417%26oauth_consumer_key%3DKJ5qiyO5Yy0jXso7dFFs37sDq%26oauth_nonce%3D145422709293087467281478295447%26oauth_signature_method%3DHMAC-SHA1%26oauth_timestamp%3D1478295447%26oauth_token%3D791840255079055360-mndubzxfVsdkBL7CFv1iCLHOHghe60A%26oauth_version%3D1.0%26status%3D%2540ActualLiam%250Dfood%2520to%2520live%2520in%2520idleness%253B%2520but%2520go%2520with%2520me%2520the%2520power%2520of%2520prophecy%2520than%2520Ill%253F
DEBUG:oauthlib.oauth1.rfc5849:Signature: rK90X7+IdKtZS5NA8c7AN4/f/yo=
DEBUG:oauthlib.oauth1.rfc5849:Encoding URI, headers and body to utf-8.
DEBUG:requests_oauthlib.oauth1_auth:Updated url: https://api.twitter.com/1.1/statuses/update.json
DEBUG:requests_oauthlib.oauth1_auth:Updated headers: {b'Connection': b'keep-alive', b'Accept': b'*/*', b'Content-Length': b'140', b'User-Agent': b'python-requests/2.11.1', b'Authorization': b'OAuth oauth_nonce="145422709293087467281478295447", oauth_timestamp="1478295447", oauth_version="1.0", oauth_signature_method="HMAC-SHA1", oauth_consumer_key="KJ5qiyO5Yy0jXso7dFFs37sDq", oauth_token="791840255079055360-mndubzxfVsdkBL7CFv1iCLHOHghe60A", oauth_signature="rK90X7%2BIdKtZS5NA8c7AN4%2Ff%2Fyo%3D"', b'Content-Type': b'application/x-www-form-urlencoded', b'Accept-Encoding': b'gzip, deflate'}
DEBUG:requests_oauthlib.oauth1_auth:Updated body: b'in_reply_to_status_id=794636101369532417&status=%40ActualLiam%0Dfood+to+live+in+idleness%3B+but+go+with+me+the+power+of+prophecy+than+Ill%3F'
INFO:requests.packages.urllib3.connectionpool:Starting new HTTPS connection (1): api.twitter.com
DEBUG:requests.packages.urllib3.connectionpool:"POST /1.1/statuses/update.json HTTP/1.1" 200 864
INFO:root:Using image http://pbs.twimg.com/tweet_video_thumb/CwccJ-8WIAE8o8s.jpg for reply 794634840104693760
INFO:googleapiclient.discovery:URL being requested: POST https://vision.googleapis.com/v1/images:annotate?alt=json
INFO:root:Using labels interior design,material
INFO:root:Trying interior design
INFO:root:Found 0 model key pairs
INFO:root:Trying material
INFO:root:Found 8 model key pairs
INFO:root:Trying the pair material shadow.
INFO:root:Text model responded: None
INFO:root:Could not use this key pair
INFO:root:Text model responded: None
INFO:root:Could not use this key pair
INFO:root:Text model responded: None
INFO:root:Could not use this key pair
INFO:root:Text model responded: None
INFO:root:Could not use this key pair
INFO:root:Text model responded: None
INFO:root:Could not use this key pair
INFO:root:Text model responded: None
INFO:root:Could not use this key pair
INFO:root:Text model responded: None
INFO:root:Could not use this key pair
INFO:root:Text model responded: None
INFO:root:Could not use this key pair
INFO:root:Text model responded: None
INFO:root:Could not use this key pair
INFO:root:Text model responded: None
INFO:root:Could not use this key pair
INFO:root:Trying the pair material blessings,
INFO:root:Text model responded: material blessings, but how to long And will I draw them, since it continues to be but a symbol of light should cross the courtyard damp and raw When roasted crabs hiss in the Presence there!
INFO:root:Text model responded: material blessings, but how to git out'n the muss, Except to play with--O, I want one to be in man or kiss of woman?
INFO:root:Satisfied conditions in 1 attempts
DEBUG:requests_oauthlib.oauth1_auth:Signing request <PreparedRequest [POST]> using client <Client timestamp=None, resource_owner_key=791840255079055360-mndubzxfVsdkBL7CFv1iCLHOHghe60A, signature_type=AUTH_HEADER, decoding=utf-8, signature_method=HMAC-SHA1, callback_uri=None, rsa_key=None, verifier=None, client_secret=****, nonce=None, client_key=KJ5qiyO5Yy0jXso7dFFs37sDq, encoding=utf-8, resource_owner_secret=****, realm=None>
DEBUG:requests_oauthlib.oauth1_auth:Including body in call to sign: True
DEBUG:oauthlib.oauth1.rfc5849:Collected params: [('oauth_version', '1.0'), ('oauth_nonce', '91753447242827495931478295448'), ('oauth_signature_method', 'HMAC-SHA1'), ('oauth_consumer_key', 'KJ5qiyO5Yy0jXso7dFFs37sDq'), ('oauth_timestamp', '1478295448'), ('oauth_token', '791840255079055360-mndubzxfVsdkBL7CFv1iCLHOHghe60A'), ('in_reply_to_status_id', '794634840104693760'), ('status', "@armoredgorilla\rmaterial blessings, but how to git out'n the muss, Except to play with--O, I want one to be in man or kiss of woman?")]
DEBUG:oauthlib.oauth1.rfc5849:Normalized params: in_reply_to_status_id=794634840104693760&oauth_consumer_key=KJ5qiyO5Yy0jXso7dFFs37sDq&oauth_nonce=91753447242827495931478295448&oauth_signature_method=HMAC-SHA1&oauth_timestamp=1478295448&oauth_token=791840255079055360-mndubzxfVsdkBL7CFv1iCLHOHghe60A&oauth_version=1.0&status=%40armoredgorilla%0Dmaterial%20blessings%2C%20but%20how%20to%20git%20out%27n%20the%20muss%2C%20Except%20to%20play%20with--O%2C%20I%20want%20one%20to%20be%20in%20man%20or%20kiss%20of%20woman%3F
DEBUG:oauthlib.oauth1.rfc5849:Normalized URI: https://api.twitter.com/1.1/statuses/update.json
DEBUG:oauthlib.oauth1.rfc5849:Base signing string: POST&https%3A%2F%2Fapi.twitter.com%2F1.1%2Fstatuses%2Fupdate.json&in_reply_to_status_id%3D794634840104693760%26oauth_consumer_key%3DKJ5qiyO5Yy0jXso7dFFs37sDq%26oauth_nonce%3D91753447242827495931478295448%26oauth_signature_method%3DHMAC-SHA1%26oauth_timestamp%3D1478295448%26oauth_token%3D791840255079055360-mndubzxfVsdkBL7CFv1iCLHOHghe60A%26oauth_version%3D1.0%26status%3D%2540armoredgorilla%250Dmaterial%2520blessings%252C%2520but%2520how%2520to%2520git%2520out%2527n%2520the%2520muss%252C%2520Except%2520to%2520play%2520with--O%252C%2520I%2520want%2520one%2520to%2520be%2520in%2520man%2520or%2520kiss%2520of%2520woman%253F
DEBUG:oauthlib.oauth1.rfc5849:Signature: kY4Tr4T8acqt+uf1YjZceOLamas=
DEBUG:oauthlib.oauth1.rfc5849:Encoding URI, headers and body to utf-8.
DEBUG:requests_oauthlib.oauth1_auth:Updated url: https://api.twitter.com/1.1/statuses/update.json
DEBUG:requests_oauthlib.oauth1_auth:Updated headers: {b'Connection': b'keep-alive', b'Accept': b'*/*', b'Content-Length': b'194', b'User-Agent': b'python-requests/2.11.1', b'Authorization': b'OAuth oauth_nonce="91753447242827495931478295448", oauth_timestamp="1478295448", oauth_version="1.0", oauth_signature_method="HMAC-SHA1", oauth_consumer_key="KJ5qiyO5Yy0jXso7dFFs37sDq", oauth_token="791840255079055360-mndubzxfVsdkBL7CFv1iCLHOHghe60A", oauth_signature="kY4Tr4T8acqt%2Buf1YjZceOLamas%3D"', b'Content-Type': b'application/x-www-form-urlencoded', b'Accept-Encoding': b'gzip, deflate'}
DEBUG:requests_oauthlib.oauth1_auth:Updated body: b'in_reply_to_status_id=794634840104693760&status=%40armoredgorilla%0Dmaterial+blessings%2C+but+how+to+git+out%27n+the+muss%2C+Except+to+play+with--O%2C+I+want+one+to+be+in+man+or+kiss+of+woman%3F'
INFO:requests.packages.urllib3.connectionpool:Starting new HTTPS connection (1): api.twitter.com
DEBUG:requests.packages.urllib3.connectionpool:"POST /1.1/statuses/update.json HTTP/1.1" 200 898
INFO:root:Using image http://pbs.twimg.com/media/Cwcbc-iW8AEo8BA.jpg for reply 794634052389208064
INFO:googleapiclient.discovery:URL being requested: POST https://vision.googleapis.com/v1/images:annotate?alt=json
INFO:root:Using labels red,signage
INFO:root:Trying red
INFO:root:Found 235 model key pairs
INFO:root:Trying the pair red beard,
INFO:root:Text model responded: red beard, matted like a banner spread Flutters above your head, you have scaled the wall, The old grey face And looked,--they looked into his heart, held back, Hidden reserves of measureless content Kept house with food for a pall!
INFO:root:Text model responded: red beard, matted like a leaf shadow, a flower from out thy desolate halls, If some folks thrust them forth, and for me!
INFO:root:Satisfied conditions in 1 attempts
DEBUG:requests_oauthlib.oauth1_auth:Signing request <PreparedRequest [POST]> using client <Client timestamp=None, resource_owner_key=791840255079055360-mndubzxfVsdkBL7CFv1iCLHOHghe60A, signature_type=AUTH_HEADER, decoding=utf-8, signature_method=HMAC-SHA1, callback_uri=None, rsa_key=None, verifier=None, client_secret=****, nonce=None, client_key=KJ5qiyO5Yy0jXso7dFFs37sDq, encoding=utf-8, resource_owner_secret=****, realm=None>
DEBUG:requests_oauthlib.oauth1_auth:Including body in call to sign: True
DEBUG:oauthlib.oauth1.rfc5849:Collected params: [('oauth_version', '1.0'), ('oauth_nonce', '18456118702167178691478295450'), ('oauth_signature_method', 'HMAC-SHA1'), ('oauth_consumer_key', 'KJ5qiyO5Yy0jXso7dFFs37sDq'), ('oauth_timestamp', '1478295450'), ('oauth_token', '791840255079055360-mndubzxfVsdkBL7CFv1iCLHOHghe60A'), ('in_reply_to_status_id', '794634052389208064'), ('status', '@streetlamp\rred beard, matted like a leaf shadow, a flower from out thy desolate halls, If some folks thrust them forth, and for me!')]
DEBUG:oauthlib.oauth1.rfc5849:Normalized params: in_reply_to_status_id=794634052389208064&oauth_consumer_key=KJ5qiyO5Yy0jXso7dFFs37sDq&oauth_nonce=18456118702167178691478295450&oauth_signature_method=HMAC-SHA1&oauth_timestamp=1478295450&oauth_token=791840255079055360-mndubzxfVsdkBL7CFv1iCLHOHghe60A&oauth_version=1.0&status=%40streetlamp%0Dred%20beard%2C%20matted%20like%20a%20leaf%20shadow%2C%20a%20flower%20from%20out%20thy%20desolate%20halls%2C%20If%20some%20folks%20thrust%20them%20forth%2C%20and%20for%20me%21
DEBUG:oauthlib.oauth1.rfc5849:Normalized URI: https://api.twitter.com/1.1/statuses/update.json
DEBUG:oauthlib.oauth1.rfc5849:Base signing string: POST&https%3A%2F%2Fapi.twitter.com%2F1.1%2Fstatuses%2Fupdate.json&in_reply_to_status_id%3D794634052389208064%26oauth_consumer_key%3DKJ5qiyO5Yy0jXso7dFFs37sDq%26oauth_nonce%3D18456118702167178691478295450%26oauth_signature_method%3DHMAC-SHA1%26oauth_timestamp%3D1478295450%26oauth_token%3D791840255079055360-mndubzxfVsdkBL7CFv1iCLHOHghe60A%26oauth_version%3D1.0%26status%3D%2540streetlamp%250Dred%2520beard%252C%2520matted%2520like%2520a%2520leaf%2520shadow%252C%2520a%2520flower%2520from%2520out%2520thy%2520desolate%2520halls%252C%2520If%2520some%2520folks%2520thrust%2520them%2520forth%252C%2520and%2520for%2520me%2521
DEBUG:oauthlib.oauth1.rfc5849:Signature: W6g3DE0TJqIkmDz92uQRy0ekUUc=
DEBUG:oauthlib.oauth1.rfc5849:Encoding URI, headers and body to utf-8.
DEBUG:requests_oauthlib.oauth1_auth:Updated url: https://api.twitter.com/1.1/statuses/update.json
DEBUG:requests_oauthlib.oauth1_auth:Updated headers: {b'Connection': b'keep-alive', b'Accept': b'*/*', b'Content-Length': b'194', b'User-Agent': b'python-requests/2.11.1', b'Authorization': b'OAuth oauth_nonce="18456118702167178691478295450", oauth_timestamp="1478295450", oauth_version="1.0", oauth_signature_method="HMAC-SHA1", oauth_consumer_key="KJ5qiyO5Yy0jXso7dFFs37sDq", oauth_token="791840255079055360-mndubzxfVsdkBL7CFv1iCLHOHghe60A", oauth_signature="W6g3DE0TJqIkmDz92uQRy0ekUUc%3D"', b'Content-Type': b'application/x-www-form-urlencoded', b'Accept-Encoding': b'gzip, deflate'}
DEBUG:requests_oauthlib.oauth1_auth:Updated body: b'in_reply_to_status_id=794634052389208064&status=%40streetlamp%0Dred+beard%2C+matted+like+a+leaf+shadow%2C+a+flower+from+out+thy+desolate+halls%2C+If+some+folks+thrust+them+forth%2C+and+for+me%21'
INFO:requests.packages.urllib3.connectionpool:Starting new HTTPS connection (1): api.twitter.com
DEBUG:requests.packages.urllib3.connectionpool:"POST /1.1/statuses/update.json HTTP/1.1" 200 894
INFO:root:Using image http://pbs.twimg.com/media/CwcbZ6hXEAApvVk.jpg for reply 794634002443497472
INFO:googleapiclient.discovery:URL being requested: POST https://vision.googleapis.com/v1/images:annotate?alt=json
INFO:root:Using labels mammal,room
INFO:root:Trying mammal
INFO:root:Found 0 model key pairs
INFO:root:Trying room
INFO:root:Found 51 model key pairs
INFO:root:Trying the pair room Had
INFO:root:Text model responded: None
INFO:root:Could not use this key pair
INFO:root:Text model responded: None
INFO:root:Could not use this key pair
INFO:root:Text model responded: None
INFO:root:Could not use this key pair
INFO:root:Text model responded: None
INFO:root:Could not use this key pair
INFO:root:Text model responded: None
INFO:root:Could not use this key pair
INFO:root:Text model responded: None
INFO:root:Could not use this key pair
INFO:root:Text model responded: None
INFO:root:Could not use this key pair
INFO:root:Text model responded: None
INFO:root:Could not use this key pair
INFO:root:Text model responded: None
INFO:root:Could not use this key pair
INFO:root:Text model responded: None
INFO:root:Could not use this key pair
INFO:root:Trying the pair room leapt
INFO:root:Text model responded: room leapt more obviously Upon my mind, Nor let the Fancy cannot cheat so well The world, sun-like, more than seeming; Workings are they who fly in Parson's face?
INFO:root:Text model responded: room leapt more obviously Upon my spirit's wings.
INFO:root:Text model responded: room leapt more obviously Upon my eyelids throb and beat the morning streams; And last the aromatic cedar, These I, singing in that direction.
INFO:root:Text model responded: room leapt more obviously Upon my Lady's natal day.
INFO:root:Text model responded: room leapt more obviously Upon my eyelids laid And end my grief, And take in heaven like a jewel, which one could seldom buy Such watches, and the heart of God.
INFO:root:Text model responded: room leapt more obviously Upon my mind, Nor let the burning of a woman.
INFO:root:Satisfied conditions in 5 attempts
DEBUG:requests_oauthlib.oauth1_auth:Signing request <PreparedRequest [POST]> using client <Client timestamp=None, resource_owner_key=791840255079055360-mndubzxfVsdkBL7CFv1iCLHOHghe60A, signature_type=AUTH_HEADER, decoding=utf-8, signature_method=HMAC-SHA1, callback_uri=None, rsa_key=None, verifier=None, client_secret=****, nonce=None, client_key=KJ5qiyO5Yy0jXso7dFFs37sDq, encoding=utf-8, resource_owner_secret=****, realm=None>
DEBUG:requests_oauthlib.oauth1_auth:Including body in call to sign: True
DEBUG:oauthlib.oauth1.rfc5849:Collected params: [('oauth_version', '1.0'), ('oauth_nonce', '82366275730628699181478295451'), ('oauth_signature_method', 'HMAC-SHA1'), ('oauth_consumer_key', 'KJ5qiyO5Yy0jXso7dFFs37sDq'), ('oauth_timestamp', '1478295451'), ('oauth_token', '791840255079055360-mndubzxfVsdkBL7CFv1iCLHOHghe60A'), ('in_reply_to_status_id', '794634002443497472'), ('status', '@AmyLeighP\rroom leapt more obviously Upon my mind, Nor let the burning of a woman.')]
DEBUG:oauthlib.oauth1.rfc5849:Normalized params: in_reply_to_status_id=794634002443497472&oauth_consumer_key=KJ5qiyO5Yy0jXso7dFFs37sDq&oauth_nonce=82366275730628699181478295451&oauth_signature_method=HMAC-SHA1&oauth_timestamp=1478295451&oauth_token=791840255079055360-mndubzxfVsdkBL7CFv1iCLHOHghe60A&oauth_version=1.0&status=%40AmyLeighP%0Droom%20leapt%20more%20obviously%20Upon%20my%20mind%2C%20Nor%20let%20the%20burning%20of%20a%20woman.
DEBUG:oauthlib.oauth1.rfc5849:Normalized URI: https://api.twitter.com/1.1/statuses/update.json
DEBUG:oauthlib.oauth1.rfc5849:Base signing string: POST&https%3A%2F%2Fapi.twitter.com%2F1.1%2Fstatuses%2Fupdate.json&in_reply_to_status_id%3D794634002443497472%26oauth_consumer_key%3DKJ5qiyO5Yy0jXso7dFFs37sDq%26oauth_nonce%3D82366275730628699181478295451%26oauth_signature_method%3DHMAC-SHA1%26oauth_timestamp%3D1478295451%26oauth_token%3D791840255079055360-mndubzxfVsdkBL7CFv1iCLHOHghe60A%26oauth_version%3D1.0%26status%3D%2540AmyLeighP%250Droom%2520leapt%2520more%2520obviously%2520Upon%2520my%2520mind%252C%2520Nor%2520let%2520the%2520burning%2520of%2520a%2520woman.
DEBUG:oauthlib.oauth1.rfc5849:Signature: MKKqjAem7yVG8QTmqcfsQDas/00=
DEBUG:oauthlib.oauth1.rfc5849:Encoding URI, headers and body to utf-8.
DEBUG:requests_oauthlib.oauth1_auth:Updated url: https://api.twitter.com/1.1/statuses/update.json
DEBUG:requests_oauthlib.oauth1_auth:Updated headers: {b'Connection': b'keep-alive', b'Accept': b'*/*', b'Content-Length': b'136', b'User-Agent': b'python-requests/2.11.1', b'Authorization': b'OAuth oauth_nonce="82366275730628699181478295451", oauth_timestamp="1478295451", oauth_version="1.0", oauth_signature_method="HMAC-SHA1", oauth_consumer_key="KJ5qiyO5Yy0jXso7dFFs37sDq", oauth_token="791840255079055360-mndubzxfVsdkBL7CFv1iCLHOHghe60A", oauth_signature="MKKqjAem7yVG8QTmqcfsQDas%2F00%3D"', b'Content-Type': b'application/x-www-form-urlencoded', b'Accept-Encoding': b'gzip, deflate'}
DEBUG:requests_oauthlib.oauth1_auth:Updated body: b'in_reply_to_status_id=794634002443497472&status=%40AmyLeighP%0Droom+leapt+more+obviously+Upon+my+mind%2C+Nor+let+the+burning+of+a+woman.'
INFO:requests.packages.urllib3.connectionpool:Starting new HTTPS connection (1): api.twitter.com
DEBUG:requests.packages.urllib3.connectionpool:"POST /1.1/statuses/update.json HTTP/1.1" 200 854
INFO:root:Using image http://pbs.twimg.com/media/CwcbLV6UAAA1P3R.jpg for reply 794633754115448836
INFO:googleapiclient.discovery:URL being requested: POST https://vision.googleapis.com/v1/images:annotate?alt=json
INFO:root:Using labels family car,vehicle registration plate
INFO:root:Trying family car
INFO:root:Found 0 model key pairs
INFO:root:Trying vehicle registration plate
INFO:root:Found 0 model key pairs
INFO:root:None of the seed words worked
DEBUG:requests_oauthlib.oauth1_auth:Signing request <PreparedRequest [POST]> using client <Client timestamp=None, resource_owner_key=791840255079055360-mndubzxfVsdkBL7CFv1iCLHOHghe60A, signature_type=AUTH_HEADER, decoding=utf-8, signature_method=HMAC-SHA1, callback_uri=None, rsa_key=None, verifier=None, client_secret=****, nonce=None, client_key=KJ5qiyO5Yy0jXso7dFFs37sDq, encoding=utf-8, resource_owner_secret=****, realm=None>
DEBUG:requests_oauthlib.oauth1_auth:Including body in call to sign: True
DEBUG:oauthlib.oauth1.rfc5849:Collected params: [('oauth_version', '1.0'), ('oauth_nonce', '134916859794306558301478295453'), ('oauth_signature_method', 'HMAC-SHA1'), ('oauth_consumer_key', 'KJ5qiyO5Yy0jXso7dFFs37sDq'), ('oauth_timestamp', '1478295453'), ('oauth_token', '791840255079055360-mndubzxfVsdkBL7CFv1iCLHOHghe60A'), ('in_reply_to_status_id', '794633754115448836'), ('status', '@Blockaderunner5\rThey grow, and cherish her; Then will seem but a bigger kind of diet, that party must be done.')]
DEBUG:oauthlib.oauth1.rfc5849:Normalized params: in_reply_to_status_id=794633754115448836&oauth_consumer_key=KJ5qiyO5Yy0jXso7dFFs37sDq&oauth_nonce=134916859794306558301478295453&oauth_signature_method=HMAC-SHA1&oauth_timestamp=1478295453&oauth_token=791840255079055360-mndubzxfVsdkBL7CFv1iCLHOHghe60A&oauth_version=1.0&status=%40Blockaderunner5%0DThey%20grow%2C%20and%20cherish%20her%3B%20Then%20will%20seem%20but%20a%20bigger%20kind%20of%20diet%2C%20that%20party%20must%20be%20done.
DEBUG:oauthlib.oauth1.rfc5849:Normalized URI: https://api.twitter.com/1.1/statuses/update.json
DEBUG:oauthlib.oauth1.rfc5849:Base signing string: POST&https%3A%2F%2Fapi.twitter.com%2F1.1%2Fstatuses%2Fupdate.json&in_reply_to_status_id%3D794633754115448836%26oauth_consumer_key%3DKJ5qiyO5Yy0jXso7dFFs37sDq%26oauth_nonce%3D134916859794306558301478295453%26oauth_signature_method%3DHMAC-SHA1%26oauth_timestamp%3D1478295453%26oauth_token%3D791840255079055360-mndubzxfVsdkBL7CFv1iCLHOHghe60A%26oauth_version%3D1.0%26status%3D%2540Blockaderunner5%250DThey%2520grow%252C%2520and%2520cherish%2520her%253B%2520Then%2520will%2520seem%2520but%2520a%2520bigger%2520kind%2520of%2520diet%252C%2520that%2520party%2520must%2520be%2520done.
DEBUG:oauthlib.oauth1.rfc5849:Signature: R+Lv1zN93sZRhZb1mRP3Sajv5NY=
DEBUG:oauthlib.oauth1.rfc5849:Encoding URI, headers and body to utf-8.
DEBUG:requests_oauthlib.oauth1_auth:Updated url: https://api.twitter.com/1.1/statuses/update.json
DEBUG:requests_oauthlib.oauth1_auth:Updated headers: {b'Connection': b'keep-alive', b'Accept': b'*/*', b'Content-Length': b'169', b'User-Agent': b'python-requests/2.11.1', b'Authorization': b'OAuth oauth_nonce="134916859794306558301478295453", oauth_timestamp="1478295453", oauth_version="1.0", oauth_signature_method="HMAC-SHA1", oauth_consumer_key="KJ5qiyO5Yy0jXso7dFFs37sDq", oauth_token="791840255079055360-mndubzxfVsdkBL7CFv1iCLHOHghe60A", oauth_signature="R%2BLv1zN93sZRhZb1mRP3Sajv5NY%3D"', b'Content-Type': b'application/x-www-form-urlencoded', b'Accept-Encoding': b'gzip, deflate'}
DEBUG:requests_oauthlib.oauth1_auth:Updated body: b'in_reply_to_status_id=794633754115448836&status=%40Blockaderunner5%0DThey+grow%2C+and+cherish+her%3B+Then+will+seem+but+a+bigger+kind+of+diet%2C+that+party+must+be+done.'
INFO:requests.packages.urllib3.connectionpool:Starting new HTTPS connection (1): api.twitter.com
DEBUG:requests.packages.urllib3.connectionpool:"POST /1.1/statuses/update.json HTTP/1.1" 200 887
INFO:root:Using image http://pbs.twimg.com/media/CwcbJQ0VIAA5h4y.jpg for reply 794633713518780416
INFO:googleapiclient.discovery:URL being requested: POST https://vision.googleapis.com/v1/images:annotate?alt=json
INFO:root:Using labels mammal,nose
INFO:root:Trying mammal
INFO:root:Found 0 model key pairs
INFO:root:Trying nose
INFO:root:Found 14 model key pairs
INFO:root:Trying the pair nose against
INFO:root:Text model responded: nose against the flesh tears, but the raiment that it holds so dear; Tis hard two woven tendrils to untwine, And I hear A battle-cry from somewhere near, The shout of joy Are worthy of praise My frame with careless mirth.
INFO:root:Text model responded: nose against the idea of Government.
INFO:root:Text model responded: nose against the grain, Unhoused the cattle.
INFO:root:Text model responded: nose against the jutted stars And the crowd shrank as the natural life of care Which I could not rest From labor and thy sad lips ready, For the future like a frozen river, Sat an old actor on the main, Admiralty flag at the first.
INFO:root:Text model responded: nose against the window-pane It pours and pours; And swift an arrow that smote the breeze: Beauty was all too late; Could he make the shows Of globed and golden shafts came up, and down, edged and shining.
INFO:root:Text model responded: nose against the sky so quiet and bright, Or the trail of splendor, Till it is equally wonderful; And passed again into its yawning cavern, At one marke shall shote to lowe.
INFO:root:Text model responded: nose against the hard weather, Dead to the grave survive-- But palpitating moons that are raised By pure desire of life.
INFO:root:Satisfied conditions in 6 attempts
DEBUG:requests_oauthlib.oauth1_auth:Signing request <PreparedRequest [POST]> using client <Client timestamp=None, resource_owner_key=791840255079055360-mndubzxfVsdkBL7CFv1iCLHOHghe60A, signature_type=AUTH_HEADER, decoding=utf-8, signature_method=HMAC-SHA1, callback_uri=None, rsa_key=None, verifier=None, client_secret=****, nonce=None, client_key=KJ5qiyO5Yy0jXso7dFFs37sDq, encoding=utf-8, resource_owner_secret=****, realm=None>
DEBUG:requests_oauthlib.oauth1_auth:Including body in call to sign: True
DEBUG:oauthlib.oauth1.rfc5849:Collected params: [('oauth_version', '1.0'), ('oauth_nonce', '172544397727779514291478295455'), ('oauth_signature_method', 'HMAC-SHA1'), ('oauth_consumer_key', 'KJ5qiyO5Yy0jXso7dFFs37sDq'), ('oauth_timestamp', '1478295455'), ('oauth_token', '791840255079055360-mndubzxfVsdkBL7CFv1iCLHOHghe60A'), ('in_reply_to_status_id', '794633713518780416'), ('status', '@joshuargilliam\rnose against the hard weather, Dead to the grave survive-- But palpitating moons that are raised By pure desire of life.')]
DEBUG:oauthlib.oauth1.rfc5849:Normalized params: in_reply_to_status_id=794633713518780416&oauth_consumer_key=KJ5qiyO5Yy0jXso7dFFs37sDq&oauth_nonce=172544397727779514291478295455&oauth_signature_method=HMAC-SHA1&oauth_timestamp=1478295455&oauth_token=791840255079055360-mndubzxfVsdkBL7CFv1iCLHOHghe60A&oauth_version=1.0&status=%40joshuargilliam%0Dnose%20against%20the%20hard%20weather%2C%20Dead%20to%20the%20grave%20survive--%20But%20palpitating%20moons%20that%20are%20raised%20By%20pure%20desire%20of%20life.
DEBUG:oauthlib.oauth1.rfc5849:Normalized URI: https://api.twitter.com/1.1/statuses/update.json
DEBUG:oauthlib.oauth1.rfc5849:Base signing string: POST&https%3A%2F%2Fapi.twitter.com%2F1.1%2Fstatuses%2Fupdate.json&in_reply_to_status_id%3D794633713518780416%26oauth_consumer_key%3DKJ5qiyO5Yy0jXso7dFFs37sDq%26oauth_nonce%3D172544397727779514291478295455%26oauth_signature_method%3DHMAC-SHA1%26oauth_timestamp%3D1478295455%26oauth_token%3D791840255079055360-mndubzxfVsdkBL7CFv1iCLHOHghe60A%26oauth_version%3D1.0%26status%3D%2540joshuargilliam%250Dnose%2520against%2520the%2520hard%2520weather%252C%2520Dead%2520to%2520the%2520grave%2520survive--%2520But%2520palpitating%2520moons%2520that%2520are%2520raised%2520By%2520pure%2520desire%2520of%2520life.
DEBUG:oauthlib.oauth1.rfc5849:Signature: +2mqyHWw/L9gYHI02zVGDpL1lLk=
DEBUG:oauthlib.oauth1.rfc5849:Encoding URI, headers and body to utf-8.
DEBUG:requests_oauthlib.oauth1_auth:Updated url: https://api.twitter.com/1.1/statuses/update.json
DEBUG:requests_oauthlib.oauth1_auth:Updated headers: {b'Connection': b'keep-alive', b'Accept': b'*/*', b'Content-Length': b'190', b'User-Agent': b'python-requests/2.11.1', b'Authorization': b'OAuth oauth_nonce="172544397727779514291478295455", oauth_timestamp="1478295455", oauth_version="1.0", oauth_signature_method="HMAC-SHA1", oauth_consumer_key="KJ5qiyO5Yy0jXso7dFFs37sDq", oauth_token="791840255079055360-mndubzxfVsdkBL7CFv1iCLHOHghe60A", oauth_signature="%2B2mqyHWw%2FL9gYHI02zVGDpL1lLk%3D"', b'Content-Type': b'application/x-www-form-urlencoded', b'Accept-Encoding': b'gzip, deflate'}
DEBUG:requests_oauthlib.oauth1_auth:Updated body: b'in_reply_to_status_id=794633713518780416&status=%40joshuargilliam%0Dnose+against+the+hard+weather%2C+Dead+to+the+grave+survive--+But+palpitating+moons+that+are+raised+By+pure+desire+of+life.'
INFO:requests.packages.urllib3.connectionpool:Starting new HTTPS connection (1): api.twitter.com
DEBUG:requests.packages.urllib3.connectionpool:"POST /1.1/statuses/update.json HTTP/1.1" 200 898
INFO:root:Using image http://pbs.twimg.com/media/CwcbIsSUAAAhWzp.jpg for reply 794633704849215489
INFO:googleapiclient.discovery:URL being requested: POST https://vision.googleapis.com/v1/images:annotate?alt=json
INFO:root:Using labels mammal,vertebrate
INFO:root:Trying mammal
INFO:root:Found 0 model key pairs
INFO:root:Trying vertebrate
INFO:root:Found 0 model key pairs
INFO:root:None of the seed words worked
DEBUG:requests_oauthlib.oauth1_auth:Signing request <PreparedRequest [POST]> using client <Client timestamp=None, resource_owner_key=791840255079055360-mndubzxfVsdkBL7CFv1iCLHOHghe60A, signature_type=AUTH_HEADER, decoding=utf-8, signature_method=HMAC-SHA1, callback_uri=None, rsa_key=None, verifier=None, client_secret=****, nonce=None, client_key=KJ5qiyO5Yy0jXso7dFFs37sDq, encoding=utf-8, resource_owner_secret=****, realm=None>
DEBUG:requests_oauthlib.oauth1_auth:Including body in call to sign: True
DEBUG:oauthlib.oauth1.rfc5849:Collected params: [('oauth_version', '1.0'), ('oauth_nonce', '27814489838243542391478295456'), ('oauth_signature_method', 'HMAC-SHA1'), ('oauth_consumer_key', 'KJ5qiyO5Yy0jXso7dFFs37sDq'), ('oauth_timestamp', '1478295456'), ('oauth_token', '791840255079055360-mndubzxfVsdkBL7CFv1iCLHOHghe60A'), ('in_reply_to_status_id', '794633704849215489'), ('status', '@SmokeyQRivers\rTheir feet fall softly in I saw its light With strange, unearthly splendor in his breast.')]
DEBUG:oauthlib.oauth1.rfc5849:Normalized params: in_reply_to_status_id=794633704849215489&oauth_consumer_key=KJ5qiyO5Yy0jXso7dFFs37sDq&oauth_nonce=27814489838243542391478295456&oauth_signature_method=HMAC-SHA1&oauth_timestamp=1478295456&oauth_token=791840255079055360-mndubzxfVsdkBL7CFv1iCLHOHghe60A&oauth_version=1.0&status=%40SmokeyQRivers%0DTheir%20feet%20fall%20softly%20in%20I%20saw%20its%20light%20With%20strange%2C%20unearthly%20splendor%20in%20his%20breast.
DEBUG:oauthlib.oauth1.rfc5849:Normalized URI: https://api.twitter.com/1.1/statuses/update.json
DEBUG:oauthlib.oauth1.rfc5849:Base signing string: POST&https%3A%2F%2Fapi.twitter.com%2F1.1%2Fstatuses%2Fupdate.json&in_reply_to_status_id%3D794633704849215489%26oauth_consumer_key%3DKJ5qiyO5Yy0jXso7dFFs37sDq%26oauth_nonce%3D27814489838243542391478295456%26oauth_signature_method%3DHMAC-SHA1%26oauth_timestamp%3D1478295456%26oauth_token%3D791840255079055360-mndubzxfVsdkBL7CFv1iCLHOHghe60A%26oauth_version%3D1.0%26status%3D%2540SmokeyQRivers%250DTheir%2520feet%2520fall%2520softly%2520in%2520I%2520saw%2520its%2520light%2520With%2520strange%252C%2520unearthly%2520splendor%2520in%2520his%2520breast.
DEBUG:oauthlib.oauth1.rfc5849:Signature: O+UEEWXEHkO/Ab9b9QMQhwe1ULA=
DEBUG:oauthlib.oauth1.rfc5849:Encoding URI, headers and body to utf-8.
DEBUG:requests_oauthlib.oauth1_auth:Updated url: https://api.twitter.com/1.1/statuses/update.json
DEBUG:requests_oauthlib.oauth1_auth:Updated headers: {b'Connection': b'keep-alive', b'Accept': b'*/*', b'Content-Length': b'158', b'User-Agent': b'python-requests/2.11.1', b'Authorization': b'OAuth oauth_nonce="27814489838243542391478295456", oauth_timestamp="1478295456", oauth_version="1.0", oauth_signature_method="HMAC-SHA1", oauth_consumer_key="KJ5qiyO5Yy0jXso7dFFs37sDq", oauth_token="791840255079055360-mndubzxfVsdkBL7CFv1iCLHOHghe60A", oauth_signature="O%2BUEEWXEHkO%2FAb9b9QMQhwe1ULA%3D"', b'Content-Type': b'application/x-www-form-urlencoded', b'Accept-Encoding': b'gzip, deflate'}
DEBUG:requests_oauthlib.oauth1_auth:Updated body: b'in_reply_to_status_id=794633704849215489&status=%40SmokeyQRivers%0DTheir+feet+fall+softly+in+I+saw+its+light+With+strange%2C+unearthly+splendor+in+his+breast.'
INFO:requests.packages.urllib3.connectionpool:Starting new HTTPS connection (1): api.twitter.com
DEBUG:requests.packages.urllib3.connectionpool:"POST /1.1/statuses/update.json HTTP/1.1" 200 876
INFO:root:Using image http://pbs.twimg.com/media/Cwca-_uVEAAZsL3.jpg for reply 794633538238705664
INFO:googleapiclient.discovery:URL being requested: POST https://vision.googleapis.com/v1/images:annotate?alt=json
INFO:root:Using labels cartoon,screenshot
INFO:root:Trying cartoon
INFO:root:Found 0 model key pairs
INFO:root:Trying screenshot
INFO:root:Found 0 model key pairs
INFO:root:None of the seed words worked
DEBUG:requests_oauthlib.oauth1_auth:Signing request <PreparedRequest [POST]> using client <Client timestamp=None, resource_owner_key=791840255079055360-mndubzxfVsdkBL7CFv1iCLHOHghe60A, signature_type=AUTH_HEADER, decoding=utf-8, signature_method=HMAC-SHA1, callback_uri=None, rsa_key=None, verifier=None, client_secret=****, nonce=None, client_key=KJ5qiyO5Yy0jXso7dFFs37sDq, encoding=utf-8, resource_owner_secret=****, realm=None>
DEBUG:requests_oauthlib.oauth1_auth:Including body in call to sign: True
DEBUG:oauthlib.oauth1.rfc5849:Collected params: [('oauth_version', '1.0'), ('oauth_nonce', '110260571823811034251478295458'), ('oauth_signature_method', 'HMAC-SHA1'), ('oauth_consumer_key', 'KJ5qiyO5Yy0jXso7dFFs37sDq'), ('oauth_timestamp', '1478295458'), ('oauth_token', '791840255079055360-mndubzxfVsdkBL7CFv1iCLHOHghe60A'), ('in_reply_to_status_id', '794633538238705664'), ('status', '@AaronABCP\rO that an eye like its own!')]
DEBUG:oauthlib.oauth1.rfc5849:Normalized params: in_reply_to_status_id=794633538238705664&oauth_consumer_key=KJ5qiyO5Yy0jXso7dFFs37sDq&oauth_nonce=110260571823811034251478295458&oauth_signature_method=HMAC-SHA1&oauth_timestamp=1478295458&oauth_token=791840255079055360-mndubzxfVsdkBL7CFv1iCLHOHghe60A&oauth_version=1.0&status=%40AaronABCP%0DO%20that%20an%20eye%20like%20its%20own%21
DEBUG:oauthlib.oauth1.rfc5849:Normalized URI: https://api.twitter.com/1.1/statuses/update.json
DEBUG:oauthlib.oauth1.rfc5849:Base signing string: POST&https%3A%2F%2Fapi.twitter.com%2F1.1%2Fstatuses%2Fupdate.json&in_reply_to_status_id%3D794633538238705664%26oauth_consumer_key%3DKJ5qiyO5Yy0jXso7dFFs37sDq%26oauth_nonce%3D110260571823811034251478295458%26oauth_signature_method%3DHMAC-SHA1%26oauth_timestamp%3D1478295458%26oauth_token%3D791840255079055360-mndubzxfVsdkBL7CFv1iCLHOHghe60A%26oauth_version%3D1.0%26status%3D%2540AaronABCP%250DO%2520that%2520an%2520eye%2520like%2520its%2520own%2521
DEBUG:oauthlib.oauth1.rfc5849:Signature: rgsyqk4v2t7Fxgt7864ijITrK+Q=
DEBUG:oauthlib.oauth1.rfc5849:Encoding URI, headers and body to utf-8.
DEBUG:requests_oauthlib.oauth1_auth:Updated url: https://api.twitter.com/1.1/statuses/update.json
DEBUG:requests_oauthlib.oauth1_auth:Updated headers: {b'Connection': b'keep-alive', b'Accept': b'*/*', b'Content-Length': b'92', b'User-Agent': b'python-requests/2.11.1', b'Authorization': b'OAuth oauth_nonce="110260571823811034251478295458", oauth_timestamp="1478295458", oauth_version="1.0", oauth_signature_method="HMAC-SHA1", oauth_consumer_key="KJ5qiyO5Yy0jXso7dFFs37sDq", oauth_token="791840255079055360-mndubzxfVsdkBL7CFv1iCLHOHghe60A", oauth_signature="rgsyqk4v2t7Fxgt7864ijITrK%2BQ%3D"', b'Content-Type': b'application/x-www-form-urlencoded', b'Accept-Encoding': b'gzip, deflate'}
DEBUG:requests_oauthlib.oauth1_auth:Updated body: b'in_reply_to_status_id=794633538238705664&status=%40AaronABCP%0DO+that+an+eye+like+its+own%21'
INFO:requests.packages.urllib3.connectionpool:Starting new HTTPS connection (1): api.twitter.com
DEBUG:requests.packages.urllib3.connectionpool:"POST /1.1/statuses/update.json HTTP/1.1" 200 839
INFO:root:Using image http://pbs.twimg.com/media/CwcawmxXEAEen6P.jpg for reply 794633295594221568
INFO:googleapiclient.discovery:URL being requested: POST https://vision.googleapis.com/v1/images:annotate?alt=json
INFO:root:Using labels cat,mammal
INFO:root:Trying cat
INFO:root:Found 2 model key pairs
INFO:root:Trying the pair cat in
INFO:root:Text model responded: cat in lap, With beautiful drooping head, And leave the steer, Leave nets and barges; Come with me.
INFO:root:Satisfied conditions in 0 attempts
DEBUG:requests_oauthlib.oauth1_auth:Signing request <PreparedRequest [POST]> using client <Client timestamp=None, resource_owner_key=791840255079055360-mndubzxfVsdkBL7CFv1iCLHOHghe60A, signature_type=AUTH_HEADER, decoding=utf-8, signature_method=HMAC-SHA1, callback_uri=None, rsa_key=None, verifier=None, client_secret=****, nonce=None, client_key=KJ5qiyO5Yy0jXso7dFFs37sDq, encoding=utf-8, resource_owner_secret=****, realm=None>
DEBUG:requests_oauthlib.oauth1_auth:Including body in call to sign: True
DEBUG:oauthlib.oauth1.rfc5849:Collected params: [('oauth_version', '1.0'), ('oauth_nonce', '69796481244208232651478295460'), ('oauth_signature_method', 'HMAC-SHA1'), ('oauth_consumer_key', 'KJ5qiyO5Yy0jXso7dFFs37sDq'), ('oauth_timestamp', '1478295460'), ('oauth_token', '791840255079055360-mndubzxfVsdkBL7CFv1iCLHOHghe60A'), ('in_reply_to_status_id', '794633295594221568'), ('status', '@VoxPVoxD\rcat in lap, With beautiful drooping head, And leave the steer, Leave nets and barges; Come with me.')]
DEBUG:oauthlib.oauth1.rfc5849:Normalized params: in_reply_to_status_id=794633295594221568&oauth_consumer_key=KJ5qiyO5Yy0jXso7dFFs37sDq&oauth_nonce=69796481244208232651478295460&oauth_signature_method=HMAC-SHA1&oauth_timestamp=1478295460&oauth_token=791840255079055360-mndubzxfVsdkBL7CFv1iCLHOHghe60A&oauth_version=1.0&status=%40VoxPVoxD%0Dcat%20in%20lap%2C%20With%20beautiful%20drooping%20head%2C%20And%20leave%20the%20steer%2C%20Leave%20nets%20and%20barges%3B%20Come%20with%20me.
DEBUG:oauthlib.oauth1.rfc5849:Normalized URI: https://api.twitter.com/1.1/statuses/update.json
DEBUG:oauthlib.oauth1.rfc5849:Base signing string: POST&https%3A%2F%2Fapi.twitter.com%2F1.1%2Fstatuses%2Fupdate.json&in_reply_to_status_id%3D794633295594221568%26oauth_consumer_key%3DKJ5qiyO5Yy0jXso7dFFs37sDq%26oauth_nonce%3D69796481244208232651478295460%26oauth_signature_method%3DHMAC-SHA1%26oauth_timestamp%3D1478295460%26oauth_token%3D791840255079055360-mndubzxfVsdkBL7CFv1iCLHOHghe60A%26oauth_version%3D1.0%26status%3D%2540VoxPVoxD%250Dcat%2520in%2520lap%252C%2520With%2520beautiful%2520drooping%2520head%252C%2520And%2520leave%2520the%2520steer%252C%2520Leave%2520nets%2520and%2520barges%253B%2520Come%2520with%2520me.
DEBUG:oauthlib.oauth1.rfc5849:Signature: 1O0o3l9AVQq1f5CZC2I/e8x+tGc=
DEBUG:oauthlib.oauth1.rfc5849:Encoding URI, headers and body to utf-8.
DEBUG:requests_oauthlib.oauth1_auth:Updated url: https://api.twitter.com/1.1/statuses/update.json
DEBUG:requests_oauthlib.oauth1_auth:Updated headers: {b'Connection': b'keep-alive', b'Accept': b'*/*', b'Content-Length': b'169', b'User-Agent': b'python-requests/2.11.1', b'Authorization': b'OAuth oauth_nonce="69796481244208232651478295460", oauth_timestamp="1478295460", oauth_version="1.0", oauth_signature_method="HMAC-SHA1", oauth_consumer_key="KJ5qiyO5Yy0jXso7dFFs37sDq", oauth_token="791840255079055360-mndubzxfVsdkBL7CFv1iCLHOHghe60A", oauth_signature="1O0o3l9AVQq1f5CZC2I%2Fe8x%2BtGc%3D"', b'Content-Type': b'application/x-www-form-urlencoded', b'Accept-Encoding': b'gzip, deflate'}
DEBUG:requests_oauthlib.oauth1_auth:Updated body: b'in_reply_to_status_id=794633295594221568&status=%40VoxPVoxD%0Dcat+in+lap%2C+With+beautiful+drooping+head%2C+And+leave+the+steer%2C+Leave+nets+and+barges%3B+Come+with+me.'
INFO:requests.packages.urllib3.connectionpool:Starting new HTTPS connection (1): api.twitter.com
DEBUG:requests.packages.urllib3.connectionpool:"POST /1.1/statuses/update.json HTTP/1.1" 200 882
INFO:root:Using image http://pbs.twimg.com/media/Cwcask6VQAExYHU.jpg for reply 794633218787983360
INFO:googleapiclient.discovery:URL being requested: POST https://vision.googleapis.com/v1/images:annotate?alt=json
INFO:root:Using labels cat,mammal
INFO:root:Trying cat
INFO:root:Found 2 model key pairs
INFO:root:Trying the pair cat in
INFO:root:Text model responded: cat in lap, With beautiful drooping head, and nothing for reward; O, why so pale?
INFO:root:Satisfied conditions in 0 attempts
DEBUG:requests_oauthlib.oauth1_auth:Signing request <PreparedRequest [POST]> using client <Client timestamp=None, resource_owner_key=791840255079055360-mndubzxfVsdkBL7CFv1iCLHOHghe60A, signature_type=AUTH_HEADER, decoding=utf-8, signature_method=HMAC-SHA1, callback_uri=None, rsa_key=None, verifier=None, client_secret=****, nonce=None, client_key=KJ5qiyO5Yy0jXso7dFFs37sDq, encoding=utf-8, resource_owner_secret=****, realm=None>
DEBUG:requests_oauthlib.oauth1_auth:Including body in call to sign: True
DEBUG:oauthlib.oauth1.rfc5849:Collected params: [('oauth_version', '1.0'), ('oauth_nonce', '75924775849572413151478295461'), ('oauth_signature_method', 'HMAC-SHA1'), ('oauth_consumer_key', 'KJ5qiyO5Yy0jXso7dFFs37sDq'), ('oauth_timestamp', '1478295461'), ('oauth_token', '791840255079055360-mndubzxfVsdkBL7CFv1iCLHOHghe60A'), ('in_reply_to_status_id', '794633218787983360'), ('status', '@liesandperfidy\rcat in lap, With beautiful drooping head, and nothing for reward; O, why so pale?')]
DEBUG:oauthlib.oauth1.rfc5849:Normalized params: in_reply_to_status_id=794633218787983360&oauth_consumer_key=KJ5qiyO5Yy0jXso7dFFs37sDq&oauth_nonce=75924775849572413151478295461&oauth_signature_method=HMAC-SHA1&oauth_timestamp=1478295461&oauth_token=791840255079055360-mndubzxfVsdkBL7CFv1iCLHOHghe60A&oauth_version=1.0&status=%40liesandperfidy%0Dcat%20in%20lap%2C%20With%20beautiful%20drooping%20head%2C%20and%20nothing%20for%20reward%3B%20O%2C%20why%20so%20pale%3F
DEBUG:oauthlib.oauth1.rfc5849:Normalized URI: https://api.twitter.com/1.1/statuses/update.json
DEBUG:oauthlib.oauth1.rfc5849:Base signing string: POST&https%3A%2F%2Fapi.twitter.com%2F1.1%2Fstatuses%2Fupdate.json&in_reply_to_status_id%3D794633218787983360%26oauth_consumer_key%3DKJ5qiyO5Yy0jXso7dFFs37sDq%26oauth_nonce%3D75924775849572413151478295461%26oauth_signature_method%3DHMAC-SHA1%26oauth_timestamp%3D1478295461%26oauth_token%3D791840255079055360-mndubzxfVsdkBL7CFv1iCLHOHghe60A%26oauth_version%3D1.0%26status%3D%2540liesandperfidy%250Dcat%2520in%2520lap%252C%2520With%2520beautiful%2520drooping%2520head%252C%2520and%2520nothing%2520for%2520reward%253B%2520O%252C%2520why%2520so%2520pale%253F
DEBUG:oauthlib.oauth1.rfc5849:Signature: lWD5IHI8HAhatamjlN9CWg6X0b0=
DEBUG:oauthlib.oauth1.rfc5849:Encoding URI, headers and body to utf-8.
DEBUG:requests_oauthlib.oauth1_auth:Updated url: https://api.twitter.com/1.1/statuses/update.json
DEBUG:requests_oauthlib.oauth1_auth:Updated headers: {b'Connection': b'keep-alive', b'Accept': b'*/*', b'Content-Length': b'159', b'User-Agent': b'python-requests/2.11.1', b'Authorization': b'OAuth oauth_nonce="75924775849572413151478295461", oauth_timestamp="1478295461", oauth_version="1.0", oauth_signature_method="HMAC-SHA1", oauth_consumer_key="KJ5qiyO5Yy0jXso7dFFs37sDq", oauth_token="791840255079055360-mndubzxfVsdkBL7CFv1iCLHOHghe60A", oauth_signature="lWD5IHI8HAhatamjlN9CWg6X0b0%3D"', b'Content-Type': b'application/x-www-form-urlencoded', b'Accept-Encoding': b'gzip, deflate'}
DEBUG:requests_oauthlib.oauth1_auth:Updated body: b'in_reply_to_status_id=794633218787983360&status=%40liesandperfidy%0Dcat+in+lap%2C+With+beautiful+drooping+head%2C+and+nothing+for+reward%3B+O%2C+why+so+pale%3F'
INFO:requests.packages.urllib3.connectionpool:Starting new HTTPS connection (1): api.twitter.com
DEBUG:requests.packages.urllib3.connectionpool:"POST /1.1/statuses/update.json HTTP/1.1" 200 874
INFO:root:Using image http://pbs.twimg.com/media/Cwcarh3UoAAqGJo.jpg for reply 794633199020191744
INFO:googleapiclient.discovery:URL being requested: POST https://vision.googleapis.com/v1/images:annotate?alt=json
INFO:root:Using labels baseball positions
INFO:root:Trying baseball positions
INFO:root:Found 0 model key pairs
INFO:root:None of the seed words worked
DEBUG:requests_oauthlib.oauth1_auth:Signing request <PreparedRequest [POST]> using client <Client timestamp=None, resource_owner_key=791840255079055360-mndubzxfVsdkBL7CFv1iCLHOHghe60A, signature_type=AUTH_HEADER, decoding=utf-8, signature_method=HMAC-SHA1, callback_uri=None, rsa_key=None, verifier=None, client_secret=****, nonce=None, client_key=KJ5qiyO5Yy0jXso7dFFs37sDq, encoding=utf-8, resource_owner_secret=****, realm=None>
DEBUG:requests_oauthlib.oauth1_auth:Including body in call to sign: True
DEBUG:oauthlib.oauth1.rfc5849:Collected params: [('oauth_version', '1.0'), ('oauth_nonce', '184031914354564231061478295463'), ('oauth_signature_method', 'HMAC-SHA1'), ('oauth_consumer_key', 'KJ5qiyO5Yy0jXso7dFFs37sDq'), ('oauth_timestamp', '1478295463'), ('oauth_token', '791840255079055360-mndubzxfVsdkBL7CFv1iCLHOHghe60A'), ('in_reply_to_status_id', '794633199020191744'), ('status', '@chicken__puppet\rWhat is the heaven-drawn picture Of, thee, the last I knew not what a heat Were shaped the anchors of thy bliss, O death.')]
DEBUG:oauthlib.oauth1.rfc5849:Normalized params: in_reply_to_status_id=794633199020191744&oauth_consumer_key=KJ5qiyO5Yy0jXso7dFFs37sDq&oauth_nonce=184031914354564231061478295463&oauth_signature_method=HMAC-SHA1&oauth_timestamp=1478295463&oauth_token=791840255079055360-mndubzxfVsdkBL7CFv1iCLHOHghe60A&oauth_version=1.0&status=%40chicken__puppet%0DWhat%20is%20the%20heaven-drawn%20picture%20Of%2C%20thee%2C%20the%20last%20I%20knew%20not%20what%20a%20heat%20Were%20shaped%20the%20anchors%20of%20thy%20bliss%2C%20O%20death.
DEBUG:oauthlib.oauth1.rfc5849:Normalized URI: https://api.twitter.com/1.1/statuses/update.json
DEBUG:oauthlib.oauth1.rfc5849:Base signing string: POST&https%3A%2F%2Fapi.twitter.com%2F1.1%2Fstatuses%2Fupdate.json&in_reply_to_status_id%3D794633199020191744%26oauth_consumer_key%3DKJ5qiyO5Yy0jXso7dFFs37sDq%26oauth_nonce%3D184031914354564231061478295463%26oauth_signature_method%3DHMAC-SHA1%26oauth_timestamp%3D1478295463%26oauth_token%3D791840255079055360-mndubzxfVsdkBL7CFv1iCLHOHghe60A%26oauth_version%3D1.0%26status%3D%2540chicken__puppet%250DWhat%2520is%2520the%2520heaven-drawn%2520picture%2520Of%252C%2520thee%252C%2520the%2520last%2520I%2520knew%2520not%2520what%2520a%2520heat%2520Were%2520shaped%2520the%2520anchors%2520of%2520thy%2520bliss%252C%2520O%2520death.
DEBUG:oauthlib.oauth1.rfc5849:Signature: GDJVRZSgNtRW/TGc6hwrsNM34yM=
DEBUG:oauthlib.oauth1.rfc5849:Encoding URI, headers and body to utf-8.
DEBUG:requests_oauthlib.oauth1_auth:Updated url: https://api.twitter.com/1.1/statuses/update.json
DEBUG:requests_oauthlib.oauth1_auth:Updated headers: {b'Connection': b'keep-alive', b'Accept': b'*/*', b'Content-Length': b'196', b'User-Agent': b'python-requests/2.11.1', b'Authorization': b'OAuth oauth_nonce="184031914354564231061478295463", oauth_timestamp="1478295463", oauth_version="1.0", oauth_signature_method="HMAC-SHA1", oauth_consumer_key="KJ5qiyO5Yy0jXso7dFFs37sDq", oauth_token="791840255079055360-mndubzxfVsdkBL7CFv1iCLHOHghe60A", oauth_signature="GDJVRZSgNtRW%2FTGc6hwrsNM34yM%3D"', b'Content-Type': b'application/x-www-form-urlencoded', b'Accept-Encoding': b'gzip, deflate'}
DEBUG:requests_oauthlib.oauth1_auth:Updated body: b'in_reply_to_status_id=794633199020191744&status=%40chicken__puppet%0DWhat+is+the+heaven-drawn+picture+Of%2C+thee%2C+the+last+I+knew+not+what+a+heat+Were+shaped+the+anchors+of+thy+bliss%2C+O+death.'
INFO:requests.packages.urllib3.connectionpool:Starting new HTTPS connection (1): api.twitter.com
DEBUG:requests.packages.urllib3.connectionpool:"POST /1.1/statuses/update.json HTTP/1.1" 200 903
INFO:root:Using image http://pbs.twimg.com/media/CwcaiYhXEAAvZqb.jpg for reply 794633056858599424
INFO:googleapiclient.discovery:URL being requested: POST https://vision.googleapis.com/v1/images:annotate?alt=json
INFO:root:Using labels  , 
INFO:root:Trying  
INFO:root:Found 0 model key pairs
INFO:root:Trying  
INFO:root:Found 0 model key pairs
INFO:root:None of the seed words worked
DEBUG:requests_oauthlib.oauth1_auth:Signing request <PreparedRequest [POST]> using client <Client timestamp=None, resource_owner_key=791840255079055360-mndubzxfVsdkBL7CFv1iCLHOHghe60A, signature_type=AUTH_HEADER, decoding=utf-8, signature_method=HMAC-SHA1, callback_uri=None, rsa_key=None, verifier=None, client_secret=****, nonce=None, client_key=KJ5qiyO5Yy0jXso7dFFs37sDq, encoding=utf-8, resource_owner_secret=****, realm=None>
DEBUG:requests_oauthlib.oauth1_auth:Including body in call to sign: True
DEBUG:oauthlib.oauth1.rfc5849:Collected params: [('oauth_version', '1.0'), ('oauth_nonce', '15981161828026839921478295465'), ('oauth_signature_method', 'HMAC-SHA1'), ('oauth_consumer_key', 'KJ5qiyO5Yy0jXso7dFFs37sDq'), ('oauth_timestamp', '1478295465'), ('oauth_token', '791840255079055360-mndubzxfVsdkBL7CFv1iCLHOHghe60A'), ('in_reply_to_status_id', '794633056858599424'), ('status', "@leokitty\rAh! what pleasant visions haunt me As o'er the prairie grasses.")]
DEBUG:oauthlib.oauth1.rfc5849:Normalized params: in_reply_to_status_id=794633056858599424&oauth_consumer_key=KJ5qiyO5Yy0jXso7dFFs37sDq&oauth_nonce=15981161828026839921478295465&oauth_signature_method=HMAC-SHA1&oauth_timestamp=1478295465&oauth_token=791840255079055360-mndubzxfVsdkBL7CFv1iCLHOHghe60A&oauth_version=1.0&status=%40leokitty%0DAh%21%20what%20pleasant%20visions%20haunt%20me%20As%20o%27er%20the%20prairie%20grasses.
DEBUG:oauthlib.oauth1.rfc5849:Normalized URI: https://api.twitter.com/1.1/statuses/update.json
DEBUG:oauthlib.oauth1.rfc5849:Base signing string: POST&https%3A%2F%2Fapi.twitter.com%2F1.1%2Fstatuses%2Fupdate.json&in_reply_to_status_id%3D794633056858599424%26oauth_consumer_key%3DKJ5qiyO5Yy0jXso7dFFs37sDq%26oauth_nonce%3D15981161828026839921478295465%26oauth_signature_method%3DHMAC-SHA1%26oauth_timestamp%3D1478295465%26oauth_token%3D791840255079055360-mndubzxfVsdkBL7CFv1iCLHOHghe60A%26oauth_version%3D1.0%26status%3D%2540leokitty%250DAh%2521%2520what%2520pleasant%2520visions%2520haunt%2520me%2520As%2520o%2527er%2520the%2520prairie%2520grasses.
DEBUG:oauthlib.oauth1.rfc5849:Signature: edi/fXxbC4sLXueXwx46TlN6gg0=
DEBUG:oauthlib.oauth1.rfc5849:Encoding URI, headers and body to utf-8.
DEBUG:requests_oauthlib.oauth1_auth:Updated url: https://api.twitter.com/1.1/statuses/update.json
DEBUG:requests_oauthlib.oauth1_auth:Updated headers: {b'Connection': b'keep-alive', b'Accept': b'*/*', b'Content-Length': b'129', b'User-Agent': b'python-requests/2.11.1', b'Authorization': b'OAuth oauth_nonce="15981161828026839921478295465", oauth_timestamp="1478295465", oauth_version="1.0", oauth_signature_method="HMAC-SHA1", oauth_consumer_key="KJ5qiyO5Yy0jXso7dFFs37sDq", oauth_token="791840255079055360-mndubzxfVsdkBL7CFv1iCLHOHghe60A", oauth_signature="edi%2FfXxbC4sLXueXwx46TlN6gg0%3D"', b'Content-Type': b'application/x-www-form-urlencoded', b'Accept-Encoding': b'gzip, deflate'}
DEBUG:requests_oauthlib.oauth1_auth:Updated body: b'in_reply_to_status_id=794633056858599424&status=%40leokitty%0DAh%21+what+pleasant+visions+haunt+me+As+o%27er+the+prairie+grasses.'
INFO:requests.packages.urllib3.connectionpool:Starting new HTTPS connection (1): api.twitter.com
DEBUG:requests.packages.urllib3.connectionpool:"POST /1.1/statuses/update.json HTTP/1.1" 200 871
